mode: atomic
github.com/seata/seata-go/pkg/datasource/sql/types/mysql_ketword_checker.go:22.42,24.25 1 0
github.com/seata/seata-go/pkg/datasource/sql/types/mysql_ketword_checker.go:292.2,292.21 1 0
github.com/seata/seata-go/pkg/datasource/sql/types/mysql_ketword_checker.go:24.25,290.3 1 0
github.com/seata/seata-go/pkg/datasource/sql/types/sql.go:58.57,59.11 1 0
github.com/seata/seata-go/pkg/datasource/sql/types/sql.go:121.2,121.39 1 0
github.com/seata/seata-go/pkg/datasource/sql/types/sql.go:60.21,61.31 1 0
github.com/seata/seata-go/pkg/datasource/sql/types/sql.go:62.21,63.31 1 0
github.com/seata/seata-go/pkg/datasource/sql/types/sql.go:64.21,65.31 1 0
github.com/seata/seata-go/pkg/datasource/sql/types/sql.go:66.21,67.31 1 0
github.com/seata/seata-go/pkg/datasource/sql/types/sql.go:68.30,69.42 1 0
github.com/seata/seata-go/pkg/datasource/sql/types/sql.go:70.22,71.32 1 0
github.com/seata/seata-go/pkg/datasource/sql/types/sql.go:72.23,73.33 1 0
github.com/seata/seata-go/pkg/datasource/sql/types/sql.go:74.21,75.31 1 0
github.com/seata/seata-go/pkg/datasource/sql/types/sql.go:76.19,77.29 1 0
github.com/seata/seata-go/pkg/datasource/sql/types/sql.go:78.19,79.29 1 0
github.com/seata/seata-go/pkg/datasource/sql/types/sql.go:80.20,81.30 1 0
github.com/seata/seata-go/pkg/datasource/sql/types/sql.go:82.19,83.29 1 0
github.com/seata/seata-go/pkg/datasource/sql/types/sql.go:84.20,85.30 1 0
github.com/seata/seata-go/pkg/datasource/sql/types/sql.go:86.21,87.31 1 0
github.com/seata/seata-go/pkg/datasource/sql/types/sql.go:88.19,89.29 1 0
github.com/seata/seata-go/pkg/datasource/sql/types/sql.go:90.20,91.30 1 0
github.com/seata/seata-go/pkg/datasource/sql/types/sql.go:92.22,93.32 1 0
github.com/seata/seata-go/pkg/datasource/sql/types/sql.go:94.19,95.29 1 0
github.com/seata/seata-go/pkg/datasource/sql/types/sql.go:96.18,97.28 1 0
github.com/seata/seata-go/pkg/datasource/sql/types/sql.go:98.21,99.31 1 0
github.com/seata/seata-go/pkg/datasource/sql/types/sql.go:100.26,101.37 1 0
github.com/seata/seata-go/pkg/datasource/sql/types/sql.go:102.26,103.37 1 0
github.com/seata/seata-go/pkg/datasource/sql/types/sql.go:104.24,105.35 1 0
github.com/seata/seata-go/pkg/datasource/sql/types/sql.go:106.25,107.36 1 0
github.com/seata/seata-go/pkg/datasource/sql/types/sql.go:108.31,109.43 1 0
github.com/seata/seata-go/pkg/datasource/sql/types/sql.go:110.26,111.37 1 0
github.com/seata/seata-go/pkg/datasource/sql/types/sql.go:112.26,113.37 1 0
github.com/seata/seata-go/pkg/datasource/sql/types/sql.go:114.26,115.37 1 0
github.com/seata/seata-go/pkg/datasource/sql/types/sql.go:116.24,117.35 1 0
github.com/seata/seata-go/pkg/datasource/sql/types/sql.go:118.20,119.30 1 0
github.com/seata/seata-go/pkg/datasource/sql/types/sql.go:124.49,125.19 1 0
github.com/seata/seata-go/pkg/datasource/sql/types/sql.go:187.2,187.12 1 0
github.com/seata/seata-go/pkg/datasource/sql/types/sql.go:126.16,127.21 1 0
github.com/seata/seata-go/pkg/datasource/sql/types/sql.go:128.16,129.21 1 0
github.com/seata/seata-go/pkg/datasource/sql/types/sql.go:130.16,131.21 1 0
github.com/seata/seata-go/pkg/datasource/sql/types/sql.go:132.16,133.21 1 0
github.com/seata/seata-go/pkg/datasource/sql/types/sql.go:134.27,135.30 1 0
github.com/seata/seata-go/pkg/datasource/sql/types/sql.go:136.17,137.22 1 0
github.com/seata/seata-go/pkg/datasource/sql/types/sql.go:138.18,139.23 1 0
github.com/seata/seata-go/pkg/datasource/sql/types/sql.go:140.16,141.21 1 0
github.com/seata/seata-go/pkg/datasource/sql/types/sql.go:142.14,143.19 1 0
github.com/seata/seata-go/pkg/datasource/sql/types/sql.go:144.14,145.19 1 0
github.com/seata/seata-go/pkg/datasource/sql/types/sql.go:146.15,147.20 1 0
github.com/seata/seata-go/pkg/datasource/sql/types/sql.go:148.14,149.19 1 0
github.com/seata/seata-go/pkg/datasource/sql/types/sql.go:150.15,151.20 1 0
github.com/seata/seata-go/pkg/datasource/sql/types/sql.go:152.16,153.21 1 0
github.com/seata/seata-go/pkg/datasource/sql/types/sql.go:154.14,155.19 1 0
github.com/seata/seata-go/pkg/datasource/sql/types/sql.go:156.15,157.20 1 0
github.com/seata/seata-go/pkg/datasource/sql/types/sql.go:158.17,159.22 1 0
github.com/seata/seata-go/pkg/datasource/sql/types/sql.go:160.14,161.19 1 0
github.com/seata/seata-go/pkg/datasource/sql/types/sql.go:162.13,163.18 1 0
github.com/seata/seata-go/pkg/datasource/sql/types/sql.go:164.16,165.21 1 0
github.com/seata/seata-go/pkg/datasource/sql/types/sql.go:166.22,167.26 1 0
github.com/seata/seata-go/pkg/datasource/sql/types/sql.go:168.22,169.26 1 0
github.com/seata/seata-go/pkg/datasource/sql/types/sql.go:170.20,171.24 1 0
github.com/seata/seata-go/pkg/datasource/sql/types/sql.go:172.21,173.25 1 0
github.com/seata/seata-go/pkg/datasource/sql/types/sql.go:174.28,175.31 1 0
github.com/seata/seata-go/pkg/datasource/sql/types/sql.go:176.22,177.26 1 0
github.com/seata/seata-go/pkg/datasource/sql/types/sql.go:178.22,179.26 1 0
github.com/seata/seata-go/pkg/datasource/sql/types/sql.go:180.22,181.26 1 0
github.com/seata/seata-go/pkg/datasource/sql/types/sql.go:182.20,183.24 1 0
github.com/seata/seata-go/pkg/datasource/sql/types/sql.go:184.15,185.20 1 0
github.com/seata/seata-go/pkg/datasource/sql/types/sqltype_string.go:64.34,66.50 2 0
github.com/seata/seata-go/pkg/datasource/sql/types/sqltype_string.go:69.2,69.61 1 0
github.com/seata/seata-go/pkg/datasource/sql/types/sqltype_string.go:66.50,68.3 1 0
github.com/seata/seata-go/pkg/datasource/sql/types/types.go:46.43,47.26 1 4
github.com/seata/seata-go/pkg/datasource/sql/types/types.go:50.2,50.22 1 3
github.com/seata/seata-go/pkg/datasource/sql/types/types.go:47.26,49.3 1 1
github.com/seata/seata-go/pkg/datasource/sql/types/types.go:53.59,54.11 1 4
github.com/seata/seata-go/pkg/datasource/sql/types/types.go:58.2,58.28 1 3
github.com/seata/seata-go/pkg/datasource/sql/types/types.go:55.27,56.36 1 1
github.com/seata/seata-go/pkg/datasource/sql/types/types.go:61.54,62.22 1 0
github.com/seata/seata-go/pkg/datasource/sql/types/types.go:63.21,65.13 2 0
github.com/seata/seata-go/pkg/datasource/sql/types/types.go:66.14,68.13 2 0
github.com/seata/seata-go/pkg/datasource/sql/types/types.go:69.10,70.42 1 0
github.com/seata/seata-go/pkg/datasource/sql/types/types.go:96.44,97.37 1 0
github.com/seata/seata-go/pkg/datasource/sql/types/types.go:98.15,99.21 1 0
github.com/seata/seata-go/pkg/datasource/sql/types/types.go:100.10,101.23 1 0
github.com/seata/seata-go/pkg/datasource/sql/types/types.go:115.60,116.17 1 0
github.com/seata/seata-go/pkg/datasource/sql/types/types.go:119.2,119.17 1 0
github.com/seata/seata-go/pkg/datasource/sql/types/types.go:122.2,122.32 1 0
github.com/seata/seata-go/pkg/datasource/sql/types/types.go:116.17,118.3 1 0
github.com/seata/seata-go/pkg/datasource/sql/types/types.go:119.17,121.3 1 0
github.com/seata/seata-go/pkg/datasource/sql/types/types.go:168.37,175.2 1 0
github.com/seata/seata-go/pkg/datasource/sql/types/types.go:178.48,180.2 1 0
github.com/seata/seata-go/pkg/datasource/sql/types/types.go:183.48,185.2 1 0
github.com/seata/seata-go/pkg/datasource/sql/types/types.go:187.58,189.2 1 0
github.com/seata/seata-go/pkg/datasource/sql/types/types.go:191.56,193.2 1 0
github.com/seata/seata-go/pkg/datasource/sql/types/types.go:211.45,213.2 1 0
github.com/seata/seata-go/pkg/datasource/sql/types/types.go:215.49,216.33 1 0
github.com/seata/seata-go/pkg/datasource/sql/types/types.go:219.45,220.33 1 0
github.com/seata/seata-go/pkg/datasource/sql/types/types.go:223.49,225.2 1 0
github.com/seata/seata-go/pkg/datasource/sql/types/types.go:234.40,235.25 1 0
github.com/seata/seata-go/pkg/datasource/sql/types/types.go:235.25,237.3 1 0
github.com/seata/seata-go/pkg/datasource/sql/types/types.go:240.43,241.25 1 0
github.com/seata/seata-go/pkg/datasource/sql/types/types.go:241.25,243.3 1 0
github.com/seata/seata-go/pkg/datasource/sql/types/types.go:246.43,249.22 2 0
github.com/seata/seata-go/pkg/datasource/sql/types/types.go:253.2,253.18 1 0
github.com/seata/seata-go/pkg/datasource/sql/types/types.go:256.2,256.19 1 0
github.com/seata/seata-go/pkg/datasource/sql/types/types.go:260.2,260.54 1 0
github.com/seata/seata-go/pkg/datasource/sql/types/types.go:249.22,251.3 1 0
github.com/seata/seata-go/pkg/datasource/sql/types/types.go:253.18,255.3 1 0
github.com/seata/seata-go/pkg/datasource/sql/types/types.go:256.19,258.3 1 0
github.com/seata/seata-go/pkg/datasource/sql/types/dbtype_string.go:39.33,41.48 2 0
github.com/seata/seata-go/pkg/datasource/sql/types/dbtype_string.go:44.2,44.58 1 0
github.com/seata/seata-go/pkg/datasource/sql/types/dbtype_string.go:41.48,43.3 1 0
github.com/seata/seata-go/pkg/datasource/sql/types/error.go:51.43,53.2 1 0
github.com/seata/seata-go/pkg/datasource/sql/types/error.go:55.45,57.2 1 0
github.com/seata/seata-go/pkg/datasource/sql/types/executor.go:62.44,64.2 1 0
github.com/seata/seata-go/pkg/datasource/sql/types/executor.go:66.55,69.25 2 0
github.com/seata/seata-go/pkg/datasource/sql/types/executor.go:81.2,84.31 3 0
github.com/seata/seata-go/pkg/datasource/sql/types/executor.go:69.25,71.3 1 0
github.com/seata/seata-go/pkg/datasource/sql/types/executor.go:71.8,71.32 1 0
github.com/seata/seata-go/pkg/datasource/sql/types/executor.go:71.32,73.3 1 0
github.com/seata/seata-go/pkg/datasource/sql/types/executor.go:73.8,73.32 1 0
github.com/seata/seata-go/pkg/datasource/sql/types/executor.go:73.32,75.3 1 0
github.com/seata/seata-go/pkg/datasource/sql/types/executor.go:75.8,75.32 1 0
github.com/seata/seata-go/pkg/datasource/sql/types/executor.go:75.32,77.3 1 0
github.com/seata/seata-go/pkg/datasource/sql/types/executor.go:77.8,79.3 1 0
github.com/seata/seata-go/pkg/datasource/sql/types/meta.go:62.49,64.2 1 0
github.com/seata/seata-go/pkg/datasource/sql/types/meta.go:93.35,95.2 1 0
github.com/seata/seata-go/pkg/datasource/sql/types/meta.go:97.61,99.33 2 0
github.com/seata/seata-go/pkg/datasource/sql/types/meta.go:106.2,106.11 1 0
github.com/seata/seata-go/pkg/datasource/sql/types/meta.go:99.33,100.41 1 0
github.com/seata/seata-go/pkg/datasource/sql/types/meta.go:100.41,101.41 1 0
github.com/seata/seata-go/pkg/datasource/sql/types/meta.go:101.41,103.5 1 0
github.com/seata/seata-go/pkg/datasource/sql/types/meta.go:109.53,111.33 2 0
github.com/seata/seata-go/pkg/datasource/sql/types/meta.go:118.2,118.13 1 0
github.com/seata/seata-go/pkg/datasource/sql/types/meta.go:111.33,112.41 1 0
github.com/seata/seata-go/pkg/datasource/sql/types/meta.go:112.41,113.41 1 0
github.com/seata/seata-go/pkg/datasource/sql/types/meta.go:113.41,115.5 1 0
github.com/seata/seata-go/pkg/datasource/sql/types/const.go:222.55,225.19 2 0
github.com/seata/seata-go/pkg/datasource/sql/types/const.go:280.2,280.17 1 0
github.com/seata/seata-go/pkg/datasource/sql/types/const.go:226.50,227.29 1 0
github.com/seata/seata-go/pkg/datasource/sql/types/const.go:228.23,229.29 1 0
github.com/seata/seata-go/pkg/datasource/sql/types/const.go:230.24,231.30 1 0
github.com/seata/seata-go/pkg/datasource/sql/types/const.go:232.23,233.29 1 0
github.com/seata/seata-go/pkg/datasource/sql/types/const.go:234.24,235.26 1 0
github.com/seata/seata-go/pkg/datasource/sql/types/const.go:236.25,237.28 1 0
github.com/seata/seata-go/pkg/datasource/sql/types/const.go:238.23,239.26 1 0
github.com/seata/seata-go/pkg/datasource/sql/types/const.go:240.28,241.31 1 0
github.com/seata/seata-go/pkg/datasource/sql/types/const.go:242.27,243.28 1 0
github.com/seata/seata-go/pkg/datasource/sql/types/const.go:244.24,245.29 1 0
github.com/seata/seata-go/pkg/datasource/sql/types/const.go:246.23,247.26 1 0
github.com/seata/seata-go/pkg/datasource/sql/types/const.go:248.23,249.26 1 0
github.com/seata/seata-go/pkg/datasource/sql/types/const.go:250.27,251.31 1 0
github.com/seata/seata-go/pkg/datasource/sql/types/const.go:252.23,253.26 1 0
github.com/seata/seata-go/pkg/datasource/sql/types/const.go:254.26,255.26 1 0
github.com/seata/seata-go/pkg/datasource/sql/types/const.go:256.23,257.26 1 0
github.com/seata/seata-go/pkg/datasource/sql/types/const.go:258.22,259.26 1 0
github.com/seata/seata-go/pkg/datasource/sql/types/const.go:260.28,261.31 1 0
github.com/seata/seata-go/pkg/datasource/sql/types/const.go:262.30,263.35 1 0
github.com/seata/seata-go/pkg/datasource/sql/types/const.go:264.28,265.35 1 0
github.com/seata/seata-go/pkg/datasource/sql/types/const.go:266.23,267.35 1 0
github.com/seata/seata-go/pkg/datasource/sql/types/const.go:268.49,269.29 1 0
github.com/seata/seata-go/pkg/datasource/sql/types/const.go:270.42,271.26 1 0
github.com/seata/seata-go/pkg/datasource/sql/types/const.go:272.27,273.28 1 0
github.com/seata/seata-go/pkg/datasource/sql/types/const.go:274.22,275.25 1 0
github.com/seata/seata-go/pkg/datasource/sql/types/const.go:276.10,277.29 1 0
github.com/seata/seata-go/pkg/datasource/sql/types/const.go:283.52,284.36 1 0
github.com/seata/seata-go/pkg/datasource/sql/types/const.go:285.13,286.41 1 0
github.com/seata/seata-go/pkg/datasource/sql/types/const.go:287.17,288.42 1 0
github.com/seata/seata-go/pkg/datasource/sql/types/const.go:289.18,290.43 1 0
github.com/seata/seata-go/pkg/datasource/sql/types/const.go:291.19,292.43 1 0
github.com/seata/seata-go/pkg/datasource/sql/types/const.go:293.24,294.42 1 0
github.com/seata/seata-go/pkg/datasource/sql/types/const.go:295.16,296.46 1 0
github.com/seata/seata-go/pkg/datasource/sql/types/const.go:297.15,298.43 1 0
github.com/seata/seata-go/pkg/datasource/sql/types/const.go:299.14,300.44 1 0
github.com/seata/seata-go/pkg/datasource/sql/types/const.go:301.15,302.43 1 0
github.com/seata/seata-go/pkg/datasource/sql/types/const.go:303.17,304.45 1 0
github.com/seata/seata-go/pkg/datasource/sql/types/const.go:305.17,306.45 1 0
github.com/seata/seata-go/pkg/datasource/sql/types/const.go:307.16,308.44 1 0
github.com/seata/seata-go/pkg/datasource/sql/types/const.go:309.14,310.44 1 0
github.com/seata/seata-go/pkg/datasource/sql/types/const.go:311.17,312.48 1 0
github.com/seata/seata-go/pkg/datasource/sql/types/const.go:313.14,314.42 1 0
github.com/seata/seata-go/pkg/datasource/sql/types/const.go:315.14,316.42 1 0
github.com/seata/seata-go/pkg/datasource/sql/types/const.go:317.14,318.42 1 0
github.com/seata/seata-go/pkg/datasource/sql/types/const.go:319.19,320.47 1 0
github.com/seata/seata-go/pkg/datasource/sql/types/const.go:321.18,322.46 1 0
github.com/seata/seata-go/pkg/datasource/sql/types/const.go:323.18,324.24 1 0
github.com/seata/seata-go/pkg/datasource/sql/types/const.go:325.14,326.31 1 0
github.com/seata/seata-go/pkg/datasource/sql/types/const.go:327.20,328.31 1 0
github.com/seata/seata-go/pkg/datasource/sql/types/const.go:329.18,330.31 1 0
github.com/seata/seata-go/pkg/datasource/sql/types/const.go:331.18,332.25 1 0
github.com/seata/seata-go/pkg/datasource/sql/types/const.go:333.14,334.29 1 0
github.com/seata/seata-go/pkg/datasource/sql/types/const.go:335.20,336.29 1 0
github.com/seata/seata-go/pkg/datasource/sql/types/const.go:337.18,338.29 1 0
github.com/seata/seata-go/pkg/datasource/sql/types/const.go:339.14,340.42 1 0
github.com/seata/seata-go/pkg/datasource/sql/types/const.go:341.13,342.41 1 0
github.com/seata/seata-go/pkg/datasource/sql/types/const.go:343.18,344.46 1 0
github.com/seata/seata-go/pkg/datasource/sql/types/const.go:345.16,346.24 1 0
github.com/seata/seata-go/pkg/datasource/sql/types/const.go:348.19,349.27 1 0
github.com/seata/seata-go/pkg/datasource/sql/types/const.go:350.14,351.42 1 0
github.com/seata/seata-go/pkg/datasource/sql/types/const.go:352.10,354.23 1 0
github.com/seata/seata-go/pkg/datasource/sql/types/image.go:36.70,37.31 1 0
github.com/seata/seata-go/pkg/datasource/sql/types/image.go:37.31,39.3 1 0
github.com/seata/seata-go/pkg/datasource/sql/types/image.go:43.66,48.2 3 0
github.com/seata/seata-go/pkg/datasource/sql/types/image.go:51.69,52.31 1 0
github.com/seata/seata-go/pkg/datasource/sql/types/image.go:52.31,54.3 1 0
github.com/seata/seata-go/pkg/datasource/sql/types/image.go:58.65,63.2 3 0
github.com/seata/seata-go/pkg/datasource/sql/types/image.go:65.56,67.2 1 0
github.com/seata/seata-go/pkg/datasource/sql/types/image.go:69.55,71.2 1 0
github.com/seata/seata-go/pkg/datasource/sql/types/image.go:73.43,75.2 1 0
github.com/seata/seata-go/pkg/datasource/sql/types/image.go:77.55,79.2 1 0
github.com/seata/seata-go/pkg/datasource/sql/types/image.go:84.34,88.13 3 0
github.com/seata/seata-go/pkg/datasource/sql/types/image.go:88.13,93.3 3 0
github.com/seata/seata-go/pkg/datasource/sql/types/image.go:96.44,97.18 1 0
github.com/seata/seata-go/pkg/datasource/sql/types/image.go:100.2,100.23 1 0
github.com/seata/seata-go/pkg/datasource/sql/types/image.go:106.2,106.13 1 0
github.com/seata/seata-go/pkg/datasource/sql/types/image.go:97.18,99.3 1 0
github.com/seata/seata-go/pkg/datasource/sql/types/image.go:100.23,101.35 1 0
github.com/seata/seata-go/pkg/datasource/sql/types/image.go:104.3,104.15 1 0
github.com/seata/seata-go/pkg/datasource/sql/types/image.go:101.35,102.12 1 0
github.com/seata/seata-go/pkg/datasource/sql/types/image.go:129.59,131.35 2 0
github.com/seata/seata-go/pkg/datasource/sql/types/image.go:134.2,134.10 1 0
github.com/seata/seata-go/pkg/datasource/sql/types/image.go:131.35,133.3 1 0
github.com/seata/seata-go/pkg/datasource/sql/types/image.go:138.66,140.27 2 0
github.com/seata/seata-go/pkg/datasource/sql/types/image.go:146.2,146.17 1 0
github.com/seata/seata-go/pkg/datasource/sql/types/image.go:140.27,141.47 1 0
github.com/seata/seata-go/pkg/datasource/sql/types/image.go:141.47,143.4 1 0
github.com/seata/seata-go/pkg/datasource/sql/types/image.go:150.69,152.27 2 0
github.com/seata/seata-go/pkg/datasource/sql/types/image.go:158.2,158.20 1 0
github.com/seata/seata-go/pkg/datasource/sql/types/image.go:152.27,153.47 1 0
github.com/seata/seata-go/pkg/datasource/sql/types/image.go:153.47,155.4 1 0
github.com/seata/seata-go/pkg/datasource/sql/types/image.go:182.53,183.32 1 4
github.com/seata/seata-go/pkg/datasource/sql/types/image.go:186.2,187.38 2 4
github.com/seata/seata-go/pkg/datasource/sql/types/image.go:190.2,195.4 1 4
github.com/seata/seata-go/pkg/datasource/sql/types/image.go:183.32,185.3 1 0
github.com/seata/seata-go/pkg/datasource/sql/types/image.go:187.38,189.3 1 1
github.com/seata/seata-go/pkg/datasource/sql/types/image.go:198.56,201.56 3 4
github.com/seata/seata-go/pkg/datasource/sql/types/image.go:204.2,216.18 6 4
github.com/seata/seata-go/pkg/datasource/sql/types/image.go:255.2,261.12 2 4
github.com/seata/seata-go/pkg/datasource/sql/types/image.go:201.56,203.3 1 0
github.com/seata/seata-go/pkg/datasource/sql/types/image.go:216.18,217.31 1 4
github.com/seata/seata-go/pkg/datasource/sql/types/image.go:218.21,219.33 1 0
github.com/seata/seata-go/pkg/datasource/sql/types/image.go:220.40,221.33 1 1
github.com/seata/seata-go/pkg/datasource/sql/types/image.go:222.24,223.39 1 1
github.com/seata/seata-go/pkg/datasource/sql/types/image.go:224.25,225.40 1 0
github.com/seata/seata-go/pkg/datasource/sql/types/image.go:226.24,227.40 1 0
github.com/seata/seata-go/pkg/datasource/sql/types/image.go:228.23,229.40 1 0
github.com/seata/seata-go/pkg/datasource/sql/types/image.go:230.26,232.18 2 0
github.com/seata/seata-go/pkg/datasource/sql/types/image.go:235.21,237.18 2 0
github.com/seata/seata-go/pkg/datasource/sql/types/image.go:240.21,242.18 2 1
github.com/seata/seata-go/pkg/datasource/sql/types/image.go:245.38,247.78 2 1
github.com/seata/seata-go/pkg/datasource/sql/types/image.go:250.4,250.29 1 1
github.com/seata/seata-go/pkg/datasource/sql/types/image.go:251.78,252.23 1 0
github.com/seata/seata-go/pkg/datasource/sql/types/image.go:232.18,234.5 1 0
github.com/seata/seata-go/pkg/datasource/sql/types/image.go:237.18,239.5 1 0
github.com/seata/seata-go/pkg/datasource/sql/types/image.go:242.18,244.5 1 0
github.com/seata/seata-go/pkg/datasource/sql/types/image.go:247.78,249.5 1 0
github.com/seata/seata-go/pkg/datasource/sql/types/image.go:264.52,265.20 1 0
github.com/seata/seata-go/pkg/datasource/sql/types/image.go:268.2,270.14 3 0
github.com/seata/seata-go/pkg/datasource/sql/types/image.go:274.2,274.16 1 0
github.com/seata/seata-go/pkg/datasource/sql/types/image.go:265.20,267.3 1 0
github.com/seata/seata-go/pkg/datasource/sql/types/image.go:271.19,272.34 1 0
github.com/seata/seata-go/pkg/datasource/sql/types/key_type.go:30.37,31.11 1 0
github.com/seata/seata-go/pkg/datasource/sql/types/key_type.go:32.12,33.11 1 0
github.com/seata/seata-go/pkg/datasource/sql/types/key_type.go:34.18,35.11 1 0
github.com/seata/seata-go/pkg/datasource/sql/types/key_type.go:36.10,37.11 1 0
github.com/seata/seata-go/pkg/datasource/sql/types/sql_data_type.go:64.44,66.2 1 0
github.com/seata/seata-go/pkg/datasource/sql/parser/parser_factory.go:26.58,29.16 3 33
github.com/seata/seata-go/pkg/datasource/sql/parser/parser_factory.go:33.2,33.25 1 33
github.com/seata/seata-go/pkg/datasource/sql/parser/parser_factory.go:37.2,43.33 2 0
github.com/seata/seata-go/pkg/datasource/sql/parser/parser_factory.go:47.2,47.24 1 0
github.com/seata/seata-go/pkg/datasource/sql/parser/parser_factory.go:29.16,31.3 1 0
github.com/seata/seata-go/pkg/datasource/sql/parser/parser_factory.go:33.25,35.3 1 33
github.com/seata/seata-go/pkg/datasource/sql/parser/parser_factory.go:43.33,45.3 1 0
github.com/seata/seata-go/pkg/datasource/sql/parser/parser_factory.go:50.67,53.33 2 33
github.com/seata/seata-go/pkg/datasource/sql/parser/parser_factory.go:86.2,86.18 1 33
github.com/seata/seata-go/pkg/datasource/sql/parser/parser_factory.go:54.23,59.21 4 18
github.com/seata/seata-go/pkg/datasource/sql/parser/parser_factory.go:63.3,63.33 1 18
github.com/seata/seata-go/pkg/datasource/sql/parser/parser_factory.go:66.23,69.48 3 7
github.com/seata/seata-go/pkg/datasource/sql/parser/parser_factory.go:70.23,71.80 1 0
github.com/seata/seata-go/pkg/datasource/sql/parser/parser_factory.go:80.23,83.48 3 8
github.com/seata/seata-go/pkg/datasource/sql/parser/parser_factory.go:59.21,61.4 1 10
github.com/seata/seata-go/pkg/datasource/sql/parser/parser_factory.go:63.33,65.4 1 0
github.com/seata/seata-go/pkg/datasource/sql/parser/parser_factory.go:71.80,75.4 3 0
github.com/seata/seata-go/pkg/datasource/sql/parser/parser_factory.go:75.9,79.4 3 0
github.com/seata/seata-go/pkg/config/parser/configuration_parser.go:34.56,35.27 1 1
github.com/seata/seata-go/pkg/config/parser/configuration_parser.go:39.2,39.73 1 1
github.com/seata/seata-go/pkg/config/parser/configuration_parser.go:43.2,43.37 1 1
github.com/seata/seata-go/pkg/config/parser/configuration_parser.go:35.27,37.3 1 0
github.com/seata/seata-go/pkg/config/parser/configuration_parser.go:39.73,41.3 1 0
github.com/seata/seata-go/pkg/config/parser/configuration_parser.go:47.55,49.2 1 0
github.com/seata/seata-go/pkg/config/seata_config.go:37.19,39.16 2 1
github.com/seata/seata-go/pkg/config/seata_config.go:43.2,44.16 2 1
github.com/seata/seata-go/pkg/config/seata_config.go:48.2,49.16 2 1
github.com/seata/seata-go/pkg/config/seata_config.go:53.2,53.12 1 1
github.com/seata/seata-go/pkg/config/seata_config.go:39.16,42.3 2 0
github.com/seata/seata-go/pkg/config/seata_config.go:44.16,47.3 2 0
github.com/seata/seata-go/pkg/config/seata_config.go:49.16,52.3 2 0
github.com/seata/seata-go/pkg/config/client_config.go:42.38,46.2 1 0
github.com/seata/seata-go/pkg/config/client_config.go:48.65,56.2 1 0
github.com/seata/seata-go/pkg/config/getty_config.go:39.42,59.2 1 0
github.com/seata/seata-go/pkg/datasource/sql/exec/executor.go:37.13,40.2 2 1
github.com/seata/seata-go/pkg/datasource/sql/exec/executor.go:49.93,50.39 1 0
github.com/seata/seata-go/pkg/datasource/sql/exec/executor.go:54.2,56.31 2 0
github.com/seata/seata-go/pkg/datasource/sql/exec/executor.go:50.39,52.3 1 0
github.com/seata/seata-go/pkg/datasource/sql/exec/executor.go:56.31,58.3 1 0
github.com/seata/seata-go/pkg/datasource/sql/exec/executor.go:62.70,63.43 1 0
github.com/seata/seata-go/pkg/datasource/sql/exec/executor.go:63.43,65.3 1 0
github.com/seata/seata-go/pkg/datasource/sql/exec/executor.go:84.106,86.16 2 0
github.com/seata/seata-go/pkg/datasource/sql/exec/executor.go:90.2,95.28 5 0
github.com/seata/seata-go/pkg/datasource/sql/exec/executor.go:101.2,101.28 1 0
github.com/seata/seata-go/pkg/datasource/sql/exec/executor.go:107.2,109.9 2 0
github.com/seata/seata-go/pkg/datasource/sql/exec/executor.go:116.2,117.9 2 0
github.com/seata/seata-go/pkg/datasource/sql/exec/executor.go:125.2,127.22 3 0
github.com/seata/seata-go/pkg/datasource/sql/exec/executor.go:86.16,88.3 1 0
github.com/seata/seata-go/pkg/datasource/sql/exec/executor.go:95.28,99.3 3 0
github.com/seata/seata-go/pkg/datasource/sql/exec/executor.go:101.28,105.3 3 0
github.com/seata/seata-go/pkg/datasource/sql/exec/executor.go:109.9,114.3 4 0
github.com/seata/seata-go/pkg/datasource/sql/exec/executor.go:117.9,123.3 4 0
github.com/seata/seata-go/pkg/datasource/sql/exec/executor.go:136.61,138.2 1 0
github.com/seata/seata-go/pkg/datasource/sql/exec/executor.go:141.144,142.22 1 0
github.com/seata/seata-go/pkg/datasource/sql/exec/executor.go:146.2,154.16 3 0
github.com/seata/seata-go/pkg/datasource/sql/exec/executor.go:157.2,157.25 1 0
github.com/seata/seata-go/pkg/datasource/sql/exec/executor.go:169.2,169.15 1 0
github.com/seata/seata-go/pkg/datasource/sql/exec/executor.go:175.2,175.17 1 0
github.com/seata/seata-go/pkg/datasource/sql/exec/executor.go:181.2,181.16 1 0
github.com/seata/seata-go/pkg/datasource/sql/exec/executor.go:185.2,186.16 2 0
github.com/seata/seata-go/pkg/datasource/sql/exec/executor.go:189.2,189.24 1 0
github.com/seata/seata-go/pkg/datasource/sql/exec/executor.go:193.2,193.20 1 0
github.com/seata/seata-go/pkg/datasource/sql/exec/executor.go:142.22,144.3 1 0
github.com/seata/seata-go/pkg/datasource/sql/exec/executor.go:154.16,156.3 1 0
github.com/seata/seata-go/pkg/datasource/sql/exec/executor.go:157.25,159.17 2 0
github.com/seata/seata-go/pkg/datasource/sql/exec/executor.go:162.3,163.10 2 0
github.com/seata/seata-go/pkg/datasource/sql/exec/executor.go:166.3,166.64 1 0
github.com/seata/seata-go/pkg/datasource/sql/exec/executor.go:159.17,161.4 1 0
github.com/seata/seata-go/pkg/datasource/sql/exec/executor.go:163.10,165.4 1 0
github.com/seata/seata-go/pkg/datasource/sql/exec/executor.go:169.15,170.23 1 0
github.com/seata/seata-go/pkg/datasource/sql/exec/executor.go:170.23,172.4 1 0
github.com/seata/seata-go/pkg/datasource/sql/exec/executor.go:175.17,177.3 1 0
github.com/seata/seata-go/pkg/datasource/sql/exec/executor.go:177.8,179.3 1 0
github.com/seata/seata-go/pkg/datasource/sql/exec/executor.go:181.16,183.3 1 0
github.com/seata/seata-go/pkg/datasource/sql/exec/executor.go:186.16,188.3 1 0
github.com/seata/seata-go/pkg/datasource/sql/exec/executor.go:189.24,191.3 1 0
github.com/seata/seata-go/pkg/datasource/sql/exec/executor.go:196.94,197.41 1 0
github.com/seata/seata-go/pkg/datasource/sql/exec/executor.go:201.2,201.44 1 0
github.com/seata/seata-go/pkg/datasource/sql/exec/executor.go:206.2,207.16 2 0
github.com/seata/seata-go/pkg/datasource/sql/exec/executor.go:210.2,210.65 1 0
github.com/seata/seata-go/pkg/datasource/sql/exec/executor.go:197.41,199.3 1 0
github.com/seata/seata-go/pkg/datasource/sql/exec/executor.go:201.44,202.55 1 0
github.com/seata/seata-go/pkg/datasource/sql/exec/executor.go:202.55,204.4 1 0
github.com/seata/seata-go/pkg/datasource/sql/exec/executor.go:207.16,209.3 1 0
github.com/seata/seata-go/pkg/datasource/sql/exec/executor.go:214.134,215.22 1 0
github.com/seata/seata-go/pkg/datasource/sql/exec/executor.go:219.2,227.16 3 0
github.com/seata/seata-go/pkg/datasource/sql/exec/executor.go:230.2,230.25 1 0
github.com/seata/seata-go/pkg/datasource/sql/exec/executor.go:234.2,234.15 1 0
github.com/seata/seata-go/pkg/datasource/sql/exec/executor.go:240.2,240.17 1 0
github.com/seata/seata-go/pkg/datasource/sql/exec/executor.go:245.2,245.16 1 0
github.com/seata/seata-go/pkg/datasource/sql/exec/executor.go:249.2,250.16 2 0
github.com/seata/seata-go/pkg/datasource/sql/exec/executor.go:253.2,253.24 1 0
github.com/seata/seata-go/pkg/datasource/sql/exec/executor.go:257.2,257.20 1 0
github.com/seata/seata-go/pkg/datasource/sql/exec/executor.go:215.22,217.3 1 0
github.com/seata/seata-go/pkg/datasource/sql/exec/executor.go:227.16,229.3 1 0
github.com/seata/seata-go/pkg/datasource/sql/exec/executor.go:230.25,232.3 1 0
github.com/seata/seata-go/pkg/datasource/sql/exec/executor.go:234.15,235.23 1 0
github.com/seata/seata-go/pkg/datasource/sql/exec/executor.go:235.23,237.4 1 0
github.com/seata/seata-go/pkg/datasource/sql/exec/executor.go:240.17,242.3 1 0
github.com/seata/seata-go/pkg/datasource/sql/exec/executor.go:242.8,244.3 1 0
github.com/seata/seata-go/pkg/datasource/sql/exec/executor.go:245.16,247.3 1 0
github.com/seata/seata-go/pkg/datasource/sql/exec/executor.go:250.16,252.3 1 0
github.com/seata/seata-go/pkg/datasource/sql/exec/executor.go:253.24,255.3 1 0
github.com/seata/seata-go/pkg/datasource/sql/exec/executor.go:260.115,261.25 1 0
github.com/seata/seata-go/pkg/datasource/sql/exec/executor.go:265.2,266.16 2 0
github.com/seata/seata-go/pkg/datasource/sql/exec/executor.go:269.2,269.24 1 0
github.com/seata/seata-go/pkg/datasource/sql/exec/executor.go:272.2,275.20 3 0
github.com/seata/seata-go/pkg/datasource/sql/exec/executor.go:278.2,278.42 1 0
github.com/seata/seata-go/pkg/datasource/sql/exec/executor.go:261.25,263.3 1 0
github.com/seata/seata-go/pkg/datasource/sql/exec/executor.go:266.16,268.3 1 0
github.com/seata/seata-go/pkg/datasource/sql/exec/executor.go:269.24,271.3 1 0
github.com/seata/seata-go/pkg/datasource/sql/exec/executor.go:275.20,277.3 1 0
github.com/seata/seata-go/pkg/datasource/sql/exec/executor.go:282.149,283.25 1 0
github.com/seata/seata-go/pkg/datasource/sql/exec/executor.go:286.2,287.16 2 0
github.com/seata/seata-go/pkg/datasource/sql/exec/executor.go:290.2,290.24 1 0
github.com/seata/seata-go/pkg/datasource/sql/exec/executor.go:293.2,295.20 3 0
github.com/seata/seata-go/pkg/datasource/sql/exec/executor.go:298.2,298.55 1 0
github.com/seata/seata-go/pkg/datasource/sql/exec/executor.go:283.25,285.3 1 0
github.com/seata/seata-go/pkg/datasource/sql/exec/executor.go:287.16,289.3 1 0
github.com/seata/seata-go/pkg/datasource/sql/exec/executor.go:290.24,292.3 1 0
github.com/seata/seata-go/pkg/datasource/sql/exec/executor.go:295.20,297.3 1 0
github.com/seata/seata-go/pkg/datasource/sql/exec/hook.go:33.39,35.2 1 0
github.com/seata/seata-go/pkg/datasource/sql/exec/hook.go:37.24,39.2 1 0
github.com/seata/seata-go/pkg/datasource/sql/exec/hook.go:42.33,45.9 2 0
github.com/seata/seata-go/pkg/datasource/sql/exec/hook.go:49.2,49.63 1 0
github.com/seata/seata-go/pkg/datasource/sql/exec/hook.go:45.9,47.3 1 0
github.com/seata/seata-go/pkg/datasource/sql/exec/select_for_update_executor.go:50.72,51.2 0 0
github.com/seata/seata-go/pkg/datasource/sql/exec/select_for_update_executor.go:53.154,54.68 1 0
github.com/seata/seata-go/pkg/datasource/sql/exec/select_for_update_executor.go:58.2,67.16 3 0
github.com/seata/seata-go/pkg/datasource/sql/exec/select_for_update_executor.go:71.2,72.16 2 0
github.com/seata/seata-go/pkg/datasource/sql/exec/select_for_update_executor.go:76.2,77.28 2 0
github.com/seata/seata-go/pkg/datasource/sql/exec/select_for_update_executor.go:154.2,154.21 1 0
github.com/seata/seata-go/pkg/datasource/sql/exec/select_for_update_executor.go:158.2,158.24 1 0
github.com/seata/seata-go/pkg/datasource/sql/exec/select_for_update_executor.go:164.2,164.20 1 0
github.com/seata/seata-go/pkg/datasource/sql/exec/select_for_update_executor.go:54.68,56.3 1 0
github.com/seata/seata-go/pkg/datasource/sql/exec/select_for_update_executor.go:67.16,69.3 1 0
github.com/seata/seata-go/pkg/datasource/sql/exec/select_for_update_executor.go:72.16,74.3 1 0
github.com/seata/seata-go/pkg/datasource/sql/exec/select_for_update_executor.go:77.28,78.25 1 0
github.com/seata/seata-go/pkg/datasource/sql/exec/select_for_update_executor.go:103.3,104.17 2 0
github.com/seata/seata-go/pkg/datasource/sql/exec/select_for_update_executor.go:109.3,110.17 2 0
github.com/seata/seata-go/pkg/datasource/sql/exec/select_for_update_executor.go:113.3,114.43 2 0
github.com/seata/seata-go/pkg/datasource/sql/exec/select_for_update_executor.go:117.3,118.17 2 0
github.com/seata/seata-go/pkg/datasource/sql/exec/select_for_update_executor.go:122.3,123.20 2 0
github.com/seata/seata-go/pkg/datasource/sql/exec/select_for_update_executor.go:127.3,135.29 2 0
github.com/seata/seata-go/pkg/datasource/sql/exec/select_for_update_executor.go:139.3,139.26 1 0
github.com/seata/seata-go/pkg/datasource/sql/exec/select_for_update_executor.go:151.3,151.28 1 0
github.com/seata/seata-go/pkg/datasource/sql/exec/select_for_update_executor.go:78.25,82.18 2 0
github.com/seata/seata-go/pkg/datasource/sql/exec/select_for_update_executor.go:85.4,85.32 1 0
github.com/seata/seata-go/pkg/datasource/sql/exec/select_for_update_executor.go:82.18,84.5 1 0
github.com/seata/seata-go/pkg/datasource/sql/exec/select_for_update_executor.go:86.9,86.42 1 0
github.com/seata/seata-go/pkg/datasource/sql/exec/select_for_update_executor.go:86.42,92.18 3 0
github.com/seata/seata-go/pkg/datasource/sql/exec/select_for_update_executor.go:95.4,95.43 1 0
github.com/seata/seata-go/pkg/datasource/sql/exec/select_for_update_executor.go:92.18,94.5 1 0
github.com/seata/seata-go/pkg/datasource/sql/exec/select_for_update_executor.go:95.43,97.5 1 0
github.com/seata/seata-go/pkg/datasource/sql/exec/select_for_update_executor.go:98.9,100.4 1 0
github.com/seata/seata-go/pkg/datasource/sql/exec/select_for_update_executor.go:104.17,106.4 1 0
github.com/seata/seata-go/pkg/datasource/sql/exec/select_for_update_executor.go:110.17,112.4 1 0
github.com/seata/seata-go/pkg/datasource/sql/exec/select_for_update_executor.go:114.43,116.4 1 0
github.com/seata/seata-go/pkg/datasource/sql/exec/select_for_update_executor.go:118.17,120.4 1 0
github.com/seata/seata-go/pkg/datasource/sql/exec/select_for_update_executor.go:123.20,124.9 1 0
github.com/seata/seata-go/pkg/datasource/sql/exec/select_for_update_executor.go:135.29,136.9 1 0
github.com/seata/seata-go/pkg/datasource/sql/exec/select_for_update_executor.go:139.26,140.99 1 0
github.com/seata/seata-go/pkg/datasource/sql/exec/select_for_update_executor.go:143.4,143.43 1 0
github.com/seata/seata-go/pkg/datasource/sql/exec/select_for_update_executor.go:140.99,142.5 1 0
github.com/seata/seata-go/pkg/datasource/sql/exec/select_for_update_executor.go:143.43,145.5 1 0
github.com/seata/seata-go/pkg/datasource/sql/exec/select_for_update_executor.go:146.9,147.39 1 0
github.com/seata/seata-go/pkg/datasource/sql/exec/select_for_update_executor.go:147.39,149.5 1 0
github.com/seata/seata-go/pkg/datasource/sql/exec/select_for_update_executor.go:154.21,156.3 1 0
github.com/seata/seata-go/pkg/datasource/sql/exec/select_for_update_executor.go:158.24,159.36 1 0
github.com/seata/seata-go/pkg/datasource/sql/exec/select_for_update_executor.go:162.3,162.30 1 0
github.com/seata/seata-go/pkg/datasource/sql/exec/select_for_update_executor.go:159.36,161.4 1 0
github.com/seata/seata-go/pkg/datasource/sql/exec/select_for_update_executor.go:167.144,168.68 1 0
github.com/seata/seata-go/pkg/datasource/sql/exec/select_for_update_executor.go:172.2,181.16 3 0
github.com/seata/seata-go/pkg/datasource/sql/exec/select_for_update_executor.go:185.2,186.16 2 0
github.com/seata/seata-go/pkg/datasource/sql/exec/select_for_update_executor.go:190.2,191.28 2 0
github.com/seata/seata-go/pkg/datasource/sql/exec/select_for_update_executor.go:263.2,263.21 1 0
github.com/seata/seata-go/pkg/datasource/sql/exec/select_for_update_executor.go:267.2,267.24 1 0
github.com/seata/seata-go/pkg/datasource/sql/exec/select_for_update_executor.go:273.2,273.20 1 0
github.com/seata/seata-go/pkg/datasource/sql/exec/select_for_update_executor.go:168.68,170.3 1 0
github.com/seata/seata-go/pkg/datasource/sql/exec/select_for_update_executor.go:181.16,183.3 1 0
github.com/seata/seata-go/pkg/datasource/sql/exec/select_for_update_executor.go:186.16,188.3 1 0
github.com/seata/seata-go/pkg/datasource/sql/exec/select_for_update_executor.go:191.28,192.25 1 0
github.com/seata/seata-go/pkg/datasource/sql/exec/select_for_update_executor.go:216.3,217.17 2 0
github.com/seata/seata-go/pkg/datasource/sql/exec/select_for_update_executor.go:222.3,223.17 2 0
github.com/seata/seata-go/pkg/datasource/sql/exec/select_for_update_executor.go:226.3,227.17 2 0
github.com/seata/seata-go/pkg/datasource/sql/exec/select_for_update_executor.go:231.3,232.20 2 0
github.com/seata/seata-go/pkg/datasource/sql/exec/select_for_update_executor.go:236.3,244.29 2 0
github.com/seata/seata-go/pkg/datasource/sql/exec/select_for_update_executor.go:248.3,248.26 1 0
github.com/seata/seata-go/pkg/datasource/sql/exec/select_for_update_executor.go:260.3,260.28 1 0
github.com/seata/seata-go/pkg/datasource/sql/exec/select_for_update_executor.go:192.25,196.18 2 0
github.com/seata/seata-go/pkg/datasource/sql/exec/select_for_update_executor.go:196.18,198.5 1 0
github.com/seata/seata-go/pkg/datasource/sql/exec/select_for_update_executor.go:199.9,199.42 1 0
github.com/seata/seata-go/pkg/datasource/sql/exec/select_for_update_executor.go:199.42,205.18 3 0
github.com/seata/seata-go/pkg/datasource/sql/exec/select_for_update_executor.go:208.4,208.43 1 0
github.com/seata/seata-go/pkg/datasource/sql/exec/select_for_update_executor.go:205.18,207.5 1 0
github.com/seata/seata-go/pkg/datasource/sql/exec/select_for_update_executor.go:208.43,210.5 1 0
github.com/seata/seata-go/pkg/datasource/sql/exec/select_for_update_executor.go:211.9,213.4 1 0
github.com/seata/seata-go/pkg/datasource/sql/exec/select_for_update_executor.go:217.17,219.4 1 0
github.com/seata/seata-go/pkg/datasource/sql/exec/select_for_update_executor.go:223.17,225.4 1 0
github.com/seata/seata-go/pkg/datasource/sql/exec/select_for_update_executor.go:227.17,229.4 1 0
github.com/seata/seata-go/pkg/datasource/sql/exec/select_for_update_executor.go:232.20,233.9 1 0
github.com/seata/seata-go/pkg/datasource/sql/exec/select_for_update_executor.go:244.29,245.9 1 0
github.com/seata/seata-go/pkg/datasource/sql/exec/select_for_update_executor.go:248.26,249.99 1 0
github.com/seata/seata-go/pkg/datasource/sql/exec/select_for_update_executor.go:252.4,252.43 1 0
github.com/seata/seata-go/pkg/datasource/sql/exec/select_for_update_executor.go:249.99,251.5 1 0
github.com/seata/seata-go/pkg/datasource/sql/exec/select_for_update_executor.go:252.43,254.5 1 0
github.com/seata/seata-go/pkg/datasource/sql/exec/select_for_update_executor.go:255.9,256.39 1 0
github.com/seata/seata-go/pkg/datasource/sql/exec/select_for_update_executor.go:256.39,258.5 1 0
github.com/seata/seata-go/pkg/datasource/sql/exec/select_for_update_executor.go:263.21,265.3 1 0
github.com/seata/seata-go/pkg/datasource/sql/exec/select_for_update_executor.go:267.24,268.36 1 0
github.com/seata/seata-go/pkg/datasource/sql/exec/select_for_update_executor.go:271.3,271.30 1 0
github.com/seata/seata-go/pkg/datasource/sql/exec/select_for_update_executor.go:268.36,270.4 1 0
github.com/seata/seata-go/pkg/datasource/sql/exec/select_for_update_executor.go:277.112,279.19 2 0
github.com/seata/seata-go/pkg/datasource/sql/exec/select_for_update_executor.go:283.2,284.29 2 0
github.com/seata/seata-go/pkg/datasource/sql/exec/select_for_update_executor.go:297.2,312.17 6 0
github.com/seata/seata-go/pkg/datasource/sql/exec/select_for_update_executor.go:279.19,281.3 1 0
github.com/seata/seata-go/pkg/datasource/sql/exec/select_for_update_executor.go:284.29,295.3 1 0
github.com/seata/seata-go/pkg/datasource/sql/exec/select_for_update_executor.go:316.94,325.6 5 0
github.com/seata/seata-go/pkg/datasource/sql/exec/select_for_update_executor.go:345.2,345.26 1 0
github.com/seata/seata-go/pkg/datasource/sql/exec/select_for_update_executor.go:325.6,327.20 2 0
github.com/seata/seata-go/pkg/datasource/sql/exec/select_for_update_executor.go:331.3,331.24 1 0
github.com/seata/seata-go/pkg/datasource/sql/exec/select_for_update_executor.go:335.3,336.28 2 0
github.com/seata/seata-go/pkg/datasource/sql/exec/select_for_update_executor.go:343.3,343.18 1 0
github.com/seata/seata-go/pkg/datasource/sql/exec/select_for_update_executor.go:327.20,328.9 1 0
github.com/seata/seata-go/pkg/datasource/sql/exec/select_for_update_executor.go:331.24,333.4 1 0
github.com/seata/seata-go/pkg/datasource/sql/exec/select_for_update_executor.go:336.28,337.24 1 0
github.com/seata/seata-go/pkg/datasource/sql/exec/select_for_update_executor.go:340.4,341.18 2 0
github.com/seata/seata-go/pkg/datasource/sql/exec/select_for_update_executor.go:337.24,339.5 1 0
github.com/seata/seata-go/pkg/compressor/deflate_compress.go:30.63,33.16 3 4
github.com/seata/seata-go/pkg/compressor/deflate_compress.go:37.2,40.25 4 4
github.com/seata/seata-go/pkg/compressor/deflate_compress.go:33.16,36.3 2 0
github.com/seata/seata-go/pkg/compressor/deflate_compress.go:43.65,47.2 3 4
github.com/seata/seata-go/pkg/compressor/deflate_compress.go:49.60,51.2 1 1
github.com/seata/seata-go/pkg/compressor/gzip_compress.go:30.51,35.39 3 1
github.com/seata/seata-go/pkg/compressor/gzip_compress.go:39.2,39.35 1 1
github.com/seata/seata-go/pkg/compressor/gzip_compress.go:43.2,43.35 1 1
github.com/seata/seata-go/pkg/compressor/gzip_compress.go:47.2,47.28 1 1
github.com/seata/seata-go/pkg/compressor/gzip_compress.go:35.39,37.3 1 0
github.com/seata/seata-go/pkg/compressor/gzip_compress.go:39.35,41.3 1 0
github.com/seata/seata-go/pkg/compressor/gzip_compress.go:43.35,45.3 1 0
github.com/seata/seata-go/pkg/compressor/gzip_compress.go:51.54,53.16 2 1
github.com/seata/seata-go/pkg/compressor/gzip_compress.go:57.2,57.38 1 1
github.com/seata/seata-go/pkg/compressor/gzip_compress.go:61.2,61.31 1 1
github.com/seata/seata-go/pkg/compressor/gzip_compress.go:53.16,55.3 1 0
github.com/seata/seata-go/pkg/compressor/gzip_compress.go:57.38,59.3 1 0
github.com/seata/seata-go/pkg/compressor/gzip_compress.go:64.51,66.2 1 0
github.com/seata/seata-go/pkg/compressor/lz4_compress.go:29.53,36.16 4 1
github.com/seata/seata-go/pkg/compressor/lz4_compress.go:39.2,39.20 1 1
github.com/seata/seata-go/pkg/compressor/lz4_compress.go:43.2,43.24 1 1
github.com/seata/seata-go/pkg/compressor/lz4_compress.go:36.16,38.3 1 0
github.com/seata/seata-go/pkg/compressor/lz4_compress.go:39.20,41.3 1 0
github.com/seata/seata-go/pkg/compressor/lz4_compress.go:46.53,49.16 3 1
github.com/seata/seata-go/pkg/compressor/lz4_compress.go:52.2,52.21 1 1
github.com/seata/seata-go/pkg/compressor/lz4_compress.go:49.16,51.3 1 0
github.com/seata/seata-go/pkg/compressor/lz4_compress.go:55.50,57.2 1 0
github.com/seata/seata-go/pkg/compressor/zip_compress.go:29.52,32.42 3 1
github.com/seata/seata-go/pkg/compressor/zip_compress.go:35.2,35.35 1 1
github.com/seata/seata-go/pkg/compressor/zip_compress.go:38.2,38.25 1 1
github.com/seata/seata-go/pkg/compressor/zip_compress.go:32.42,34.3 1 0
github.com/seata/seata-go/pkg/compressor/zip_compress.go:35.35,37.3 1 0
github.com/seata/seata-go/pkg/compressor/zip_compress.go:41.54,45.16 4 1
github.com/seata/seata-go/pkg/compressor/zip_compress.go:48.2,48.34 1 1
github.com/seata/seata-go/pkg/compressor/zip_compress.go:51.2,51.44 1 1
github.com/seata/seata-go/pkg/compressor/zip_compress.go:54.2,54.25 1 1
github.com/seata/seata-go/pkg/compressor/zip_compress.go:45.16,47.3 1 0
github.com/seata/seata-go/pkg/compressor/zip_compress.go:48.34,50.3 1 0
github.com/seata/seata-go/pkg/compressor/zip_compress.go:51.44,53.3 1 0
github.com/seata/seata-go/pkg/compressor/zip_compress.go:57.49,59.2 1 0
github.com/seata/seata-go/pkg/compressor/zstd_compress.go:26.53,28.16 2 2
github.com/seata/seata-go/pkg/compressor/zstd_compress.go:31.2,31.65 1 2
github.com/seata/seata-go/pkg/compressor/zstd_compress.go:28.16,30.3 1 0
github.com/seata/seata-go/pkg/compressor/zstd_compress.go:34.55,36.16 2 2
github.com/seata/seata-go/pkg/compressor/zstd_compress.go:39.2,39.37 1 2
github.com/seata/seata-go/pkg/compressor/zstd_compress.go:36.16,38.3 1 0
github.com/seata/seata-go/pkg/compressor/zstd_compress.go:42.50,44.2 1 1
github.com/seata/seata-go/pkg/protocol/message/message_apis.go:48.56,50.2 1 1
github.com/seata/seata-go/pkg/protocol/message/message_apis.go:56.58,58.2 1 1
github.com/seata/seata-go/pkg/protocol/message/other_message.go:36.58,41.2 1 1
github.com/seata/seata-go/pkg/protocol/message/other_message.go:52.47,53.14 1 2
github.com/seata/seata-go/pkg/protocol/message/other_message.go:53.14,55.3 1 1
github.com/seata/seata-go/pkg/protocol/message/other_message.go:55.8,57.3 1 1
github.com/seata/seata-go/pkg/protocol/message/other_message.go:60.56,62.2 1 1
github.com/seata/seata-go/pkg/protocol/message/request_message.go:48.60,50.2 1 1
github.com/seata/seata-go/pkg/protocol/message/request_message.go:61.58,63.2 1 1
github.com/seata/seata-go/pkg/protocol/message/request_message.go:69.58,71.2 1 1
github.com/seata/seata-go/pkg/protocol/message/request_message.go:77.60,79.2 1 1
github.com/seata/seata-go/pkg/protocol/message/request_message.go:86.57,88.2 1 1
github.com/seata/seata-go/pkg/protocol/message/request_message.go:94.58,96.2 1 0
github.com/seata/seata-go/pkg/protocol/message/request_message.go:102.61,104.2 1 1
github.com/seata/seata-go/pkg/protocol/message/request_message.go:112.58,114.2 1 1
github.com/seata/seata-go/pkg/protocol/message/request_message.go:120.58,122.2 1 1
github.com/seata/seata-go/pkg/protocol/message/request_message.go:128.60,130.2 1 1
github.com/seata/seata-go/pkg/protocol/message/request_message.go:138.59,140.2 1 1
github.com/seata/seata-go/pkg/protocol/message/request_message.go:146.56,148.2 1 1
github.com/seata/seata-go/pkg/protocol/message/request_message.go:155.56,157.2 1 1
github.com/seata/seata-go/pkg/protocol/message/response_message.go:47.62,49.2 1 1
github.com/seata/seata-go/pkg/protocol/message/response_message.go:55.58,57.2 1 1
github.com/seata/seata-go/pkg/protocol/message/response_message.go:63.60,65.2 1 1
github.com/seata/seata-go/pkg/protocol/message/response_message.go:71.60,73.2 1 1
github.com/seata/seata-go/pkg/protocol/message/response_message.go:79.62,81.2 1 1
github.com/seata/seata-go/pkg/protocol/message/response_message.go:90.59,92.2 1 1
github.com/seata/seata-go/pkg/protocol/message/response_message.go:98.60,100.2 1 2
github.com/seata/seata-go/pkg/protocol/message/response_message.go:108.63,110.2 1 1
github.com/seata/seata-go/pkg/protocol/message/response_message.go:116.60,118.2 1 1
github.com/seata/seata-go/pkg/protocol/message/response_message.go:124.60,126.2 1 1
github.com/seata/seata-go/pkg/protocol/message/response_message.go:132.62,134.2 1 1
github.com/seata/seata-go/pkg/protocol/message/response_message.go:140.58,142.2 1 1
github.com/seata/seata-go/pkg/datasource/sql/undo/executor/mysql_undo_insert_executor.go:36.86,38.2 1 0
github.com/seata/seata-go/pkg/datasource/sql/undo/executor/mysql_undo_insert_executor.go:41.109,43.68 1 0
github.com/seata/seata-go/pkg/datasource/sql/undo/executor/mysql_undo_insert_executor.go:48.2,51.16 3 0
github.com/seata/seata-go/pkg/datasource/sql/undo/executor/mysql_undo_insert_executor.go:55.2,56.38 2 0
github.com/seata/seata-go/pkg/datasource/sql/undo/executor/mysql_undo_insert_executor.go:70.2,70.12 1 0
github.com/seata/seata-go/pkg/datasource/sql/undo/executor/mysql_undo_insert_executor.go:43.68,45.3 1 0
github.com/seata/seata-go/pkg/datasource/sql/undo/executor/mysql_undo_insert_executor.go:51.16,53.3 1 0
github.com/seata/seata-go/pkg/datasource/sql/undo/executor/mysql_undo_insert_executor.go:56.38,59.35 2 0
github.com/seata/seata-go/pkg/datasource/sql/undo/executor/mysql_undo_insert_executor.go:65.3,65.50 1 0
github.com/seata/seata-go/pkg/datasource/sql/undo/executor/mysql_undo_insert_executor.go:59.35,60.48 1 0
github.com/seata/seata-go/pkg/datasource/sql/undo/executor/mysql_undo_insert_executor.go:60.48,62.5 1 0
github.com/seata/seata-go/pkg/datasource/sql/undo/executor/mysql_undo_insert_executor.go:65.50,67.4 1 0
github.com/seata/seata-go/pkg/datasource/sql/undo/executor/mysql_undo_insert_executor.go:74.85,77.20 3 0
github.com/seata/seata-go/pkg/datasource/sql/undo/executor/mysql_undo_insert_executor.go:81.2,82.16 2 0
github.com/seata/seata-go/pkg/datasource/sql/undo/executor/mysql_undo_insert_executor.go:86.2,86.17 1 0
github.com/seata/seata-go/pkg/datasource/sql/undo/executor/mysql_undo_insert_executor.go:77.20,79.3 1 0
github.com/seata/seata-go/pkg/datasource/sql/undo/executor/mysql_undo_insert_executor.go:82.16,84.3 1 0
github.com/seata/seata-go/pkg/datasource/sql/undo/executor/mysql_undo_insert_executor.go:92.67,95.16 2 0
github.com/seata/seata-go/pkg/datasource/sql/undo/executor/mysql_undo_insert_executor.go:99.2,100.32 2 0
github.com/seata/seata-go/pkg/datasource/sql/undo/executor/mysql_undo_insert_executor.go:104.2,107.76 3 0
github.com/seata/seata-go/pkg/datasource/sql/undo/executor/mysql_undo_insert_executor.go:95.16,97.3 1 0
github.com/seata/seata-go/pkg/datasource/sql/undo/executor/mysql_undo_insert_executor.go:100.32,102.3 1 0
github.com/seata/seata-go/pkg/datasource/sql/undo/executor/mysql_undo_update_executor.go:36.86,41.2 1 0
github.com/seata/seata-go/pkg/datasource/sql/undo/executor/mysql_undo_update_executor.go:43.109,45.16 2 0
github.com/seata/seata-go/pkg/datasource/sql/undo/executor/mysql_undo_update_executor.go:48.2,48.9 1 0
github.com/seata/seata-go/pkg/datasource/sql/undo/executor/mysql_undo_update_executor.go:52.2,54.16 3 0
github.com/seata/seata-go/pkg/datasource/sql/undo/executor/mysql_undo_update_executor.go:58.2,59.39 2 0
github.com/seata/seata-go/pkg/datasource/sql/undo/executor/mysql_undo_update_executor.go:81.2,81.12 1 0
github.com/seata/seata-go/pkg/datasource/sql/undo/executor/mysql_undo_update_executor.go:45.16,47.3 1 0
github.com/seata/seata-go/pkg/datasource/sql/undo/executor/mysql_undo_update_executor.go:48.9,50.3 1 0
github.com/seata/seata-go/pkg/datasource/sql/undo/executor/mysql_undo_update_executor.go:54.16,56.3 1 0
github.com/seata/seata-go/pkg/datasource/sql/undo/executor/mysql_undo_update_executor.go:59.39,62.17 3 0
github.com/seata/seata-go/pkg/datasource/sql/undo/executor/mysql_undo_update_executor.go:66.3,66.35 1 0
github.com/seata/seata-go/pkg/datasource/sql/undo/executor/mysql_undo_update_executor.go:72.3,72.30 1 0
github.com/seata/seata-go/pkg/datasource/sql/undo/executor/mysql_undo_update_executor.go:76.3,76.52 1 0
github.com/seata/seata-go/pkg/datasource/sql/undo/executor/mysql_undo_update_executor.go:62.17,64.4 1 0
github.com/seata/seata-go/pkg/datasource/sql/undo/executor/mysql_undo_update_executor.go:66.35,67.48 1 0
github.com/seata/seata-go/pkg/datasource/sql/undo/executor/mysql_undo_update_executor.go:67.48,69.5 1 0
github.com/seata/seata-go/pkg/datasource/sql/undo/executor/mysql_undo_update_executor.go:72.30,74.4 1 0
github.com/seata/seata-go/pkg/datasource/sql/undo/executor/mysql_undo_update_executor.go:76.52,78.4 1 0
github.com/seata/seata-go/pkg/datasource/sql/undo/executor/mysql_undo_update_executor.go:85.85,96.34 6 0
github.com/seata/seata-go/pkg/datasource/sql/undo/executor/mysql_undo_update_executor.go:100.2,102.16 3 0
github.com/seata/seata-go/pkg/datasource/sql/undo/executor/mysql_undo_update_executor.go:106.2,106.29 1 0
github.com/seata/seata-go/pkg/datasource/sql/undo/executor/mysql_undo_update_executor.go:110.2,114.93 3 0
github.com/seata/seata-go/pkg/datasource/sql/undo/executor/mysql_undo_update_executor.go:96.34,98.3 1 0
github.com/seata/seata-go/pkg/datasource/sql/undo/executor/mysql_undo_update_executor.go:102.16,104.3 1 0
github.com/seata/seata-go/pkg/datasource/sql/undo/executor/mysql_undo_update_executor.go:106.29,108.3 1 0
github.com/seata/seata-go/pkg/datasource/sql/undo/executor/sql.go:35.60,37.33 2 6
github.com/seata/seata-go/pkg/datasource/sql/undo/executor/sql.go:40.2,40.19 1 6
github.com/seata/seata-go/pkg/datasource/sql/undo/executor/sql.go:37.33,39.3 1 6
github.com/seata/seata-go/pkg/datasource/sql/undo/executor/sql.go:44.54,45.19 1 12
github.com/seata/seata-go/pkg/datasource/sql/undo/executor/sql.go:49.2,49.79 1 12
github.com/seata/seata-go/pkg/datasource/sql/undo/executor/sql.go:74.2,74.16 1 6
github.com/seata/seata-go/pkg/datasource/sql/undo/executor/sql.go:45.19,47.3 1 0
github.com/seata/seata-go/pkg/datasource/sql/undo/executor/sql.go:49.79,53.17 3 2
github.com/seata/seata-go/pkg/datasource/sql/undo/executor/sql.go:57.3,57.37 1 0
github.com/seata/seata-go/pkg/datasource/sql/undo/executor/sql.go:53.17,55.4 1 2
github.com/seata/seata-go/pkg/datasource/sql/undo/executor/sql.go:58.8,62.49 3 10
github.com/seata/seata-go/pkg/datasource/sql/undo/executor/sql.go:67.3,69.62 3 9
github.com/seata/seata-go/pkg/datasource/sql/undo/executor/sql.go:62.49,64.4 1 1
github.com/seata/seata-go/pkg/datasource/sql/undo/executor/sql.go:69.62,71.4 1 3
github.com/seata/seata-go/pkg/datasource/sql/undo/executor/sql.go:78.60,79.33 1 6
github.com/seata/seata-go/pkg/datasource/sql/undo/executor/sql.go:83.2,83.51 1 0
github.com/seata/seata-go/pkg/datasource/sql/undo/executor/sql.go:79.33,81.3 1 6
github.com/seata/seata-go/pkg/datasource/sql/undo/executor/sql.go:86.75,87.19 1 6
github.com/seata/seata-go/pkg/datasource/sql/undo/executor/sql.go:91.2,91.79 1 6
github.com/seata/seata-go/pkg/datasource/sql/undo/executor/sql.go:95.2,95.35 1 6
github.com/seata/seata-go/pkg/datasource/sql/undo/executor/sql.go:99.2,99.36 1 2
github.com/seata/seata-go/pkg/datasource/sql/undo/executor/sql.go:142.2,145.30 3 2
github.com/seata/seata-go/pkg/datasource/sql/undo/executor/sql.go:149.2,149.20 1 2
github.com/seata/seata-go/pkg/datasource/sql/undo/executor/sql.go:87.19,89.3 1 0
github.com/seata/seata-go/pkg/datasource/sql/undo/executor/sql.go:91.79,93.3 1 0
github.com/seata/seata-go/pkg/datasource/sql/undo/executor/sql.go:95.35,97.3 1 4
github.com/seata/seata-go/pkg/datasource/sql/undo/executor/sql.go:99.36,103.20 3 0
github.com/seata/seata-go/pkg/datasource/sql/undo/executor/sql.go:114.3,116.20 3 0
github.com/seata/seata-go/pkg/datasource/sql/undo/executor/sql.go:126.3,128.20 3 0
github.com/seata/seata-go/pkg/datasource/sql/undo/executor/sql.go:103.20,111.4 6 0
github.com/seata/seata-go/pkg/datasource/sql/undo/executor/sql.go:116.20,124.4 6 0
github.com/seata/seata-go/pkg/datasource/sql/undo/executor/sql.go:128.20,139.4 9 0
github.com/seata/seata-go/pkg/datasource/sql/undo/executor/sql.go:145.30,147.3 1 12
github.com/seata/seata-go/pkg/datasource/sql/undo/executor/sql.go:153.60,154.16 1 6
github.com/seata/seata-go/pkg/datasource/sql/undo/executor/sql.go:155.25,156.69 1 6
github.com/seata/seata-go/pkg/datasource/sql/undo/executor/sql.go:160.3,160.15 1 4
github.com/seata/seata-go/pkg/datasource/sql/undo/executor/sql.go:162.10,163.14 1 0
github.com/seata/seata-go/pkg/datasource/sql/undo/executor/sql.go:156.69,158.4 1 2
github.com/seata/seata-go/pkg/datasource/sql/undo/executor/sql.go:168.80,170.39 2 0
github.com/seata/seata-go/pkg/datasource/sql/undo/executor/sql.go:180.2,180.26 1 0
github.com/seata/seata-go/pkg/datasource/sql/undo/executor/sql.go:170.39,171.12 1 0
github.com/seata/seata-go/pkg/datasource/sql/undo/executor/sql.go:175.3,177.32 3 0
github.com/seata/seata-go/pkg/datasource/sql/undo/executor/sql.go:171.12,173.4 1 0
github.com/seata/seata-go/pkg/datasource/sql/undo/executor/sql.go:185.77,187.2 1 0
github.com/seata/seata-go/pkg/datasource/sql/undo/executor/sql.go:189.119,196.54 4 0
github.com/seata/seata-go/pkg/datasource/sql/undo/executor/sql.go:201.2,201.49 1 0
github.com/seata/seata-go/pkg/datasource/sql/undo/executor/sql.go:209.2,209.22 1 0
github.com/seata/seata-go/pkg/datasource/sql/undo/executor/sql.go:196.54,199.3 2 0
github.com/seata/seata-go/pkg/datasource/sql/undo/executor/sql.go:201.49,202.47 1 0
github.com/seata/seata-go/pkg/datasource/sql/undo/executor/sql.go:202.47,203.50 1 0
github.com/seata/seata-go/pkg/datasource/sql/undo/executor/sql.go:203.50,205.5 1 0
github.com/seata/seata-go/pkg/datasource/sql/undo/executor/utils.go:30.99,31.45 1 0
github.com/seata/seata-go/pkg/datasource/sql/undo/executor/utils.go:34.2,34.45 1 0
github.com/seata/seata-go/pkg/datasource/sql/undo/executor/utils.go:38.2,38.118 1 0
github.com/seata/seata-go/pkg/datasource/sql/undo/executor/utils.go:41.2,41.32 1 0
github.com/seata/seata-go/pkg/datasource/sql/undo/executor/utils.go:45.2,45.78 1 0
github.com/seata/seata-go/pkg/datasource/sql/undo/executor/utils.go:31.45,33.3 1 0
github.com/seata/seata-go/pkg/datasource/sql/undo/executor/utils.go:34.45,36.3 1 0
github.com/seata/seata-go/pkg/datasource/sql/undo/executor/utils.go:38.118,40.3 1 0
github.com/seata/seata-go/pkg/datasource/sql/undo/executor/utils.go:41.32,43.3 1 0
github.com/seata/seata-go/pkg/datasource/sql/undo/executor/utils.go:48.111,52.37 3 0
github.com/seata/seata-go/pkg/datasource/sql/undo/executor/utils.go:69.2,69.18 1 0
github.com/seata/seata-go/pkg/datasource/sql/undo/executor/utils.go:52.37,54.20 2 0
github.com/seata/seata-go/pkg/datasource/sql/undo/executor/utils.go:58.3,58.43 1 0
github.com/seata/seata-go/pkg/datasource/sql/undo/executor/utils.go:54.20,57.4 2 0
github.com/seata/seata-go/pkg/datasource/sql/undo/executor/utils.go:58.43,60.23 2 0
github.com/seata/seata-go/pkg/datasource/sql/undo/executor/utils.go:64.4,64.49 1 0
github.com/seata/seata-go/pkg/datasource/sql/undo/executor/utils.go:60.23,63.5 2 0
github.com/seata/seata-go/pkg/datasource/sql/undo/executor/utils.go:64.49,66.5 1 0
github.com/seata/seata-go/pkg/datasource/sql/undo/executor/utils.go:72.101,74.27 2 0
github.com/seata/seata-go/pkg/datasource/sql/undo/executor/utils.go:94.2,94.15 1 0
github.com/seata/seata-go/pkg/datasource/sql/undo/executor/utils.go:74.27,79.38 4 0
github.com/seata/seata-go/pkg/datasource/sql/undo/executor/utils.go:92.3,92.28 1 0
github.com/seata/seata-go/pkg/datasource/sql/undo/executor/utils.go:79.38,80.39 1 0
github.com/seata/seata-go/pkg/datasource/sql/undo/executor/utils.go:90.4,90.63 1 0
github.com/seata/seata-go/pkg/datasource/sql/undo/executor/utils.go:80.39,81.33 1 0
github.com/seata/seata-go/pkg/datasource/sql/undo/executor/utils.go:81.33,82.33 1 0
github.com/seata/seata-go/pkg/datasource/sql/undo/executor/utils.go:86.6,87.27 2 0
github.com/seata/seata-go/pkg/datasource/sql/undo/executor/utils.go:82.33,84.7 1 0
github.com/seata/seata-go/pkg/datasource/sql/undo/executor/utils.go:99.87,105.28 2 0
github.com/seata/seata-go/pkg/datasource/sql/undo/executor/utils.go:109.2,109.45 1 0
github.com/seata/seata-go/pkg/datasource/sql/undo/executor/utils.go:151.2,151.26 1 0
github.com/seata/seata-go/pkg/datasource/sql/undo/executor/utils.go:105.28,107.3 1 0
github.com/seata/seata-go/pkg/datasource/sql/undo/executor/utils.go:109.45,110.16 1 0
github.com/seata/seata-go/pkg/datasource/sql/undo/executor/utils.go:113.3,115.40 2 0
github.com/seata/seata-go/pkg/datasource/sql/undo/executor/utils.go:122.3,126.27 3 0
github.com/seata/seata-go/pkg/datasource/sql/undo/executor/utils.go:136.3,136.33 1 0
github.com/seata/seata-go/pkg/datasource/sql/undo/executor/utils.go:149.3,149.28 1 0
github.com/seata/seata-go/pkg/datasource/sql/undo/executor/utils.go:110.16,112.4 1 0
github.com/seata/seata-go/pkg/datasource/sql/undo/executor/utils.go:115.40,116.13 1 0
github.com/seata/seata-go/pkg/datasource/sql/undo/executor/utils.go:120.4,120.60 1 0
github.com/seata/seata-go/pkg/datasource/sql/undo/executor/utils.go:116.13,118.5 1 0
github.com/seata/seata-go/pkg/datasource/sql/undo/executor/utils.go:126.27,127.30 1 0
github.com/seata/seata-go/pkg/datasource/sql/undo/executor/utils.go:127.30,129.5 1 0
github.com/seata/seata-go/pkg/datasource/sql/undo/executor/utils.go:129.10,131.5 1 0
github.com/seata/seata-go/pkg/datasource/sql/undo/executor/utils.go:132.9,134.4 1 0
github.com/seata/seata-go/pkg/datasource/sql/undo/executor/utils.go:136.33,137.13 1 0
github.com/seata/seata-go/pkg/datasource/sql/undo/executor/utils.go:140.4,141.41 2 0
github.com/seata/seata-go/pkg/datasource/sql/undo/executor/utils.go:147.4,147.29 1 0
github.com/seata/seata-go/pkg/datasource/sql/undo/executor/utils.go:137.13,139.5 1 0
github.com/seata/seata-go/pkg/datasource/sql/undo/executor/utils.go:141.41,142.14 1 0
github.com/seata/seata-go/pkg/datasource/sql/undo/executor/utils.go:145.5,145.30 1 0
github.com/seata/seata-go/pkg/datasource/sql/undo/executor/utils.go:142.14,144.6 1 0
github.com/seata/seata-go/pkg/datasource/sql/undo/executor/utils.go:154.78,156.27 2 0
github.com/seata/seata-go/pkg/datasource/sql/undo/executor/utils.go:165.2,165.15 1 0
github.com/seata/seata-go/pkg/datasource/sql/undo/executor/utils.go:156.27,158.33 2 0
github.com/seata/seata-go/pkg/datasource/sql/undo/executor/utils.go:158.33,160.18 2 0
github.com/seata/seata-go/pkg/datasource/sql/undo/executor/utils.go:160.18,162.5 1 0
github.com/seata/seata-go/pkg/datasource/sql/undo/executor/executor.go:46.98,49.2 1 0
github.com/seata/seata-go/pkg/datasource/sql/undo/executor/executor.go:52.121,54.2 0 0
github.com/seata/seata-go/pkg/datasource/sql/undo/executor/executor.go:56.97,61.16 4 0
github.com/seata/seata-go/pkg/datasource/sql/undo/executor/executor.go:64.2,64.12 1 0
github.com/seata/seata-go/pkg/datasource/sql/undo/executor/executor.go:70.2,71.16 2 0
github.com/seata/seata-go/pkg/datasource/sql/undo/executor/executor.go:75.2,76.16 2 0
github.com/seata/seata-go/pkg/datasource/sql/undo/executor/executor.go:79.2,79.13 1 0
github.com/seata/seata-go/pkg/datasource/sql/undo/executor/executor.go:99.2,99.18 1 0
github.com/seata/seata-go/pkg/datasource/sql/undo/executor/executor.go:61.16,63.3 1 0
github.com/seata/seata-go/pkg/datasource/sql/undo/executor/executor.go:64.12,67.3 2 0
github.com/seata/seata-go/pkg/datasource/sql/undo/executor/executor.go:71.16,73.3 1 0
github.com/seata/seata-go/pkg/datasource/sql/undo/executor/executor.go:76.16,78.3 1 0
github.com/seata/seata-go/pkg/datasource/sql/undo/executor/executor.go:79.13,83.17 2 0
github.com/seata/seata-go/pkg/datasource/sql/undo/executor/executor.go:87.3,87.13 1 0
github.com/seata/seata-go/pkg/datasource/sql/undo/executor/executor.go:83.17,85.4 1 0
github.com/seata/seata-go/pkg/datasource/sql/undo/executor/executor.go:87.13,91.4 2 0
github.com/seata/seata-go/pkg/datasource/sql/undo/executor/executor.go:91.9,97.4 4 0
github.com/seata/seata-go/pkg/datasource/sql/undo/executor/executor.go:102.109,103.24 1 0
github.com/seata/seata-go/pkg/datasource/sql/undo/executor/executor.go:106.2,110.24 4 0
github.com/seata/seata-go/pkg/datasource/sql/undo/executor/executor.go:114.2,115.34 2 0
github.com/seata/seata-go/pkg/datasource/sql/undo/executor/executor.go:120.2,125.16 5 0
github.com/seata/seata-go/pkg/datasource/sql/undo/executor/executor.go:129.2,135.18 3 0
github.com/seata/seata-go/pkg/datasource/sql/undo/executor/executor.go:160.2,161.20 2 0
github.com/seata/seata-go/pkg/datasource/sql/undo/executor/executor.go:103.24,105.3 1 0
github.com/seata/seata-go/pkg/datasource/sql/undo/executor/executor.go:110.24,112.3 1 0
github.com/seata/seata-go/pkg/datasource/sql/undo/executor/executor.go:115.34,117.8 2 0
github.com/seata/seata-go/pkg/datasource/sql/undo/executor/executor.go:125.16,127.3 1 0
github.com/seata/seata-go/pkg/datasource/sql/undo/executor/executor.go:135.18,137.17 2 0
github.com/seata/seata-go/pkg/datasource/sql/undo/executor/executor.go:140.3,141.44 2 0
github.com/seata/seata-go/pkg/datasource/sql/undo/executor/executor.go:145.3,146.17 2 0
github.com/seata/seata-go/pkg/datasource/sql/undo/executor/executor.go:150.3,151.29 2 0
github.com/seata/seata-go/pkg/datasource/sql/undo/executor/executor.go:157.3,157.66 1 0
github.com/seata/seata-go/pkg/datasource/sql/undo/executor/executor.go:137.17,139.4 1 0
github.com/seata/seata-go/pkg/datasource/sql/undo/executor/executor.go:141.44,143.4 1 0
github.com/seata/seata-go/pkg/datasource/sql/undo/executor/executor.go:146.17,148.4 1 0
github.com/seata/seata-go/pkg/datasource/sql/undo/executor/executor.go:151.29,156.4 1 0
github.com/seata/seata-go/pkg/datasource/sql/undo/executor/executor.go:164.113,167.27 2 0
github.com/seata/seata-go/pkg/datasource/sql/undo/executor/executor.go:181.2,181.17 1 0
github.com/seata/seata-go/pkg/datasource/sql/undo/executor/executor.go:167.27,168.38 1 0
github.com/seata/seata-go/pkg/datasource/sql/undo/executor/executor.go:168.38,169.34 1 0
github.com/seata/seata-go/pkg/datasource/sql/undo/executor/executor.go:169.34,170.49 1 0
github.com/seata/seata-go/pkg/datasource/sql/undo/executor/executor.go:170.49,172.23 2 0
github.com/seata/seata-go/pkg/datasource/sql/undo/executor/executor.go:175.6,176.27 2 0
github.com/seata/seata-go/pkg/datasource/sql/undo/executor/executor.go:172.23,174.7 1 0
github.com/seata/seata-go/pkg/datasource/sql/undo/executor/mysql_undo_delete_executor.go:38.86,40.2 1 0
github.com/seata/seata-go/pkg/datasource/sql/undo/executor/mysql_undo_delete_executor.go:42.111,47.16 3 0
github.com/seata/seata-go/pkg/datasource/sql/undo/executor/mysql_undo_delete_executor.go:51.2,53.39 2 0
github.com/seata/seata-go/pkg/datasource/sql/undo/executor/mysql_undo_delete_executor.go:75.2,75.12 1 0
github.com/seata/seata-go/pkg/datasource/sql/undo/executor/mysql_undo_delete_executor.go:47.16,49.3 1 0
github.com/seata/seata-go/pkg/datasource/sql/undo/executor/mysql_undo_delete_executor.go:53.39,56.17 3 0
github.com/seata/seata-go/pkg/datasource/sql/undo/executor/mysql_undo_delete_executor.go:60.3,60.35 1 0
github.com/seata/seata-go/pkg/datasource/sql/undo/executor/mysql_undo_delete_executor.go:66.3,66.30 1 0
github.com/seata/seata-go/pkg/datasource/sql/undo/executor/mysql_undo_delete_executor.go:70.3,70.65 1 0
github.com/seata/seata-go/pkg/datasource/sql/undo/executor/mysql_undo_delete_executor.go:56.17,58.4 1 0
github.com/seata/seata-go/pkg/datasource/sql/undo/executor/mysql_undo_delete_executor.go:60.35,61.48 1 0
github.com/seata/seata-go/pkg/datasource/sql/undo/executor/mysql_undo_delete_executor.go:61.48,63.5 1 0
github.com/seata/seata-go/pkg/datasource/sql/undo/executor/mysql_undo_delete_executor.go:66.30,68.4 1 0
github.com/seata/seata-go/pkg/datasource/sql/undo/executor/mysql_undo_delete_executor.go:70.65,72.4 1 0
github.com/seata/seata-go/pkg/datasource/sql/undo/executor/mysql_undo_delete_executor.go:78.85,81.20 3 0
github.com/seata/seata-go/pkg/datasource/sql/undo/executor/mysql_undo_delete_executor.go:85.2,88.16 4 0
github.com/seata/seata-go/pkg/datasource/sql/undo/executor/mysql_undo_delete_executor.go:92.2,99.29 3 0
github.com/seata/seata-go/pkg/datasource/sql/undo/executor/mysql_undo_delete_executor.go:104.2,109.97 4 0
github.com/seata/seata-go/pkg/datasource/sql/undo/executor/mysql_undo_delete_executor.go:81.20,83.3 1 0
github.com/seata/seata-go/pkg/datasource/sql/undo/executor/mysql_undo_delete_executor.go:88.16,90.3 1 0
github.com/seata/seata-go/pkg/datasource/sql/undo/executor/mysql_undo_delete_executor.go:99.29,102.3 2 0
github.com/seata/seata-go/pkg/datasource/sql/undo/executor/mysql_undo_executor_holder.go:27.59,29.2 1 0
github.com/seata/seata-go/pkg/datasource/sql/undo/executor/mysql_undo_executor_holder.go:32.99,34.2 1 0
github.com/seata/seata-go/pkg/datasource/sql/undo/executor/mysql_undo_executor_holder.go:37.99,39.2 1 0
github.com/seata/seata-go/pkg/datasource/sql/undo/executor/mysql_undo_executor_holder.go:42.99,44.2 1 0
github.com/seata/seata-go/pkg/integration/dubbo/dubbo_transaction_filter.go:38.23,40.2 1 0
github.com/seata/seata-go/pkg/integration/dubbo/dubbo_transaction_filter.go:46.48,47.24 1 4
github.com/seata/seata-go/pkg/integration/dubbo/dubbo_transaction_filter.go:52.2,52.20 1 4
github.com/seata/seata-go/pkg/integration/dubbo/dubbo_transaction_filter.go:47.24,48.18 1 1
github.com/seata/seata-go/pkg/integration/dubbo/dubbo_transaction_filter.go:48.18,50.4 1 1
github.com/seata/seata-go/pkg/integration/dubbo/dubbo_transaction_filter.go:55.136,60.15 4 0
github.com/seata/seata-go/pkg/integration/dubbo/dubbo_transaction_filter.go:69.2,69.40 1 0
github.com/seata/seata-go/pkg/integration/dubbo/dubbo_transaction_filter.go:60.15,65.3 2 0
github.com/seata/seata-go/pkg/integration/dubbo/dubbo_transaction_filter.go:65.8,65.26 1 0
github.com/seata/seata-go/pkg/integration/dubbo/dubbo_transaction_filter.go:65.26,68.3 2 0
github.com/seata/seata-go/pkg/integration/dubbo/dubbo_transaction_filter.go:73.162,75.2 1 2
github.com/seata/seata-go/pkg/integration/dubbo/dubbo_transaction_filter.go:77.83,79.18 2 0
github.com/seata/seata-go/pkg/integration/dubbo/dubbo_transaction_filter.go:82.2,82.15 1 0
github.com/seata/seata-go/pkg/integration/dubbo/dubbo_transaction_filter.go:79.18,81.3 1 0
github.com/seata/seata-go/pkg/integration/dubbo/dubbo_transaction_filter.go:85.88,87.18 2 0
github.com/seata/seata-go/pkg/integration/dubbo/dubbo_transaction_filter.go:90.2,90.15 1 0
github.com/seata/seata-go/pkg/integration/dubbo/dubbo_transaction_filter.go:87.18,89.3 1 0
github.com/seata/seata-go/pkg/integration/dubbo/dubbo_transaction_filter.go:93.90,95.18 2 0
github.com/seata/seata-go/pkg/integration/dubbo/dubbo_transaction_filter.go:98.2,98.15 1 0
github.com/seata/seata-go/pkg/integration/dubbo/dubbo_transaction_filter.go:95.18,97.3 1 0
github.com/seata/seata-go/pkg/datasource/sql/driver.go:43.13,56.2 2 1
github.com/seata/seata-go/pkg/datasource/sql/driver.go:62.84,64.16 2 5
github.com/seata/seata-go/pkg/datasource/sql/driver.go:68.2,75.8 5 5
github.com/seata/seata-go/pkg/datasource/sql/driver.go:64.16,66.3 1 0
github.com/seata/seata-go/pkg/datasource/sql/driver.go:82.84,84.16 2 4
github.com/seata/seata-go/pkg/datasource/sql/driver.go:88.2,95.8 5 4
github.com/seata/seata-go/pkg/datasource/sql/driver.go:84.16,86.3 1 0
github.com/seata/seata-go/pkg/datasource/sql/driver.go:103.62,105.16 2 1
github.com/seata/seata-go/pkg/datasource/sql/driver.go:110.2,110.18 1 1
github.com/seata/seata-go/pkg/datasource/sql/driver.go:105.16,108.3 2 0
github.com/seata/seata-go/pkg/datasource/sql/driver.go:113.82,115.58 2 9
github.com/seata/seata-go/pkg/datasource/sql/driver.go:123.2,124.35 2 9
github.com/seata/seata-go/pkg/datasource/sql/driver.go:128.2,129.16 2 9
github.com/seata/seata-go/pkg/datasource/sql/driver.go:134.2,134.19 1 9
github.com/seata/seata-go/pkg/datasource/sql/driver.go:115.58,117.17 2 9
github.com/seata/seata-go/pkg/datasource/sql/driver.go:117.17,120.4 2 0
github.com/seata/seata-go/pkg/datasource/sql/driver.go:124.35,126.3 1 0
github.com/seata/seata-go/pkg/datasource/sql/driver.go:129.16,132.3 2 0
github.com/seata/seata-go/pkg/datasource/sql/driver.go:137.52,139.2 1 9
github.com/seata/seata-go/pkg/datasource/sql/driver.go:146.72,148.2 1 1
github.com/seata/seata-go/pkg/datasource/sql/driver.go:150.47,152.2 1 0
github.com/seata/seata-go/pkg/datasource/sql/driver.go:155.72,157.22 2 9
github.com/seata/seata-go/pkg/datasource/sql/driver.go:161.2,161.40 1 9
github.com/seata/seata-go/pkg/datasource/sql/driver.go:166.2,177.16 4 9
github.com/seata/seata-go/pkg/datasource/sql/driver.go:182.2,183.94 2 9
github.com/seata/seata-go/pkg/datasource/sql/driver.go:188.2,193.8 1 9
github.com/seata/seata-go/pkg/datasource/sql/driver.go:157.22,159.3 1 0
github.com/seata/seata-go/pkg/datasource/sql/driver.go:161.40,164.3 2 0
github.com/seata/seata-go/pkg/datasource/sql/driver.go:177.16,180.3 2 0
github.com/seata/seata-go/pkg/datasource/sql/driver.go:183.94,186.3 2 0
github.com/seata/seata-go/pkg/datasource/sql/driver.go:210.46,212.2 1 9
github.com/seata/seata-go/pkg/datasource/sql/driver.go:216.38,225.2 1 9
github.com/seata/seata-go/pkg/datasource/sql/driver.go:227.41,230.11 3 9
github.com/seata/seata-go/pkg/datasource/sql/driver.go:233.2,233.42 1 9
github.com/seata/seata-go/pkg/datasource/sql/driver.go:230.11,232.3 1 9
github.com/seata/seata-go/pkg/datasource/sql/stmt.go:47.30,50.2 2 0
github.com/seata/seata-go/pkg/datasource/sql/stmt.go:61.31,63.2 1 0
github.com/seata/seata-go/pkg/datasource/sql/stmt.go:69.64,71.16 2 0
github.com/seata/seata-go/pkg/datasource/sql/stmt.go:75.2,82.90 2 0
github.com/seata/seata-go/pkg/datasource/sql/stmt.go:90.2,90.16 1 0
github.com/seata/seata-go/pkg/datasource/sql/stmt.go:94.2,94.27 1 0
github.com/seata/seata-go/pkg/datasource/sql/stmt.go:71.16,73.3 1 0
github.com/seata/seata-go/pkg/datasource/sql/stmt.go:82.90,84.18 2 0
github.com/seata/seata-go/pkg/datasource/sql/stmt.go:88.4,88.52 1 0
github.com/seata/seata-go/pkg/datasource/sql/stmt.go:84.18,86.5 1 0
github.com/seata/seata-go/pkg/datasource/sql/stmt.go:90.16,92.3 1 0
github.com/seata/seata-go/pkg/datasource/sql/stmt.go:102.97,104.9 2 0
github.com/seata/seata-go/pkg/datasource/sql/stmt.go:108.2,109.16 2 0
github.com/seata/seata-go/pkg/datasource/sql/stmt.go:113.2,120.95 2 0
github.com/seata/seata-go/pkg/datasource/sql/stmt.go:128.2,128.16 1 0
github.com/seata/seata-go/pkg/datasource/sql/stmt.go:132.2,132.27 1 0
github.com/seata/seata-go/pkg/datasource/sql/stmt.go:104.9,106.3 1 0
github.com/seata/seata-go/pkg/datasource/sql/stmt.go:109.16,111.3 1 0
github.com/seata/seata-go/pkg/datasource/sql/stmt.go:120.95,122.18 2 0
github.com/seata/seata-go/pkg/datasource/sql/stmt.go:126.4,126.52 1 0
github.com/seata/seata-go/pkg/datasource/sql/stmt.go:122.18,124.5 1 0
github.com/seata/seata-go/pkg/datasource/sql/stmt.go:128.16,130.3 1 0
github.com/seata/seata-go/pkg/datasource/sql/stmt.go:139.65,142.16 2 0
github.com/seata/seata-go/pkg/datasource/sql/stmt.go:146.2,153.90 2 0
github.com/seata/seata-go/pkg/datasource/sql/stmt.go:162.2,162.29 1 0
github.com/seata/seata-go/pkg/datasource/sql/stmt.go:142.16,144.3 1 0
github.com/seata/seata-go/pkg/datasource/sql/stmt.go:153.90,155.18 2 0
github.com/seata/seata-go/pkg/datasource/sql/stmt.go:159.4,159.54 1 0
github.com/seata/seata-go/pkg/datasource/sql/stmt.go:155.18,157.5 1 0
github.com/seata/seata-go/pkg/datasource/sql/stmt.go:169.98,171.9 2 0
github.com/seata/seata-go/pkg/datasource/sql/stmt.go:176.2,177.16 2 0
github.com/seata/seata-go/pkg/datasource/sql/stmt.go:181.2,188.95 2 0
github.com/seata/seata-go/pkg/datasource/sql/stmt.go:196.2,196.16 1 0
github.com/seata/seata-go/pkg/datasource/sql/stmt.go:200.2,200.29 1 0
github.com/seata/seata-go/pkg/datasource/sql/stmt.go:171.9,173.3 1 0
github.com/seata/seata-go/pkg/datasource/sql/stmt.go:177.16,179.3 1 0
github.com/seata/seata-go/pkg/datasource/sql/stmt.go:188.95,190.18 2 0
github.com/seata/seata-go/pkg/datasource/sql/stmt.go:194.4,194.54 1 0
github.com/seata/seata-go/pkg/datasource/sql/stmt.go:190.18,192.5 1 0
github.com/seata/seata-go/pkg/datasource/sql/stmt.go:196.16,198.3 1 0
github.com/seata/seata-go/pkg/datasource/sql/tx_at.go:35.32,38.2 2 5
github.com/seata/seata-go/pkg/datasource/sql/tx_at.go:40.34,42.16 2 0
github.com/seata/seata-go/pkg/datasource/sql/tx_at.go:51.2,51.12 1 0
github.com/seata/seata-go/pkg/datasource/sql/tx_at.go:42.16,46.87 2 0
github.com/seata/seata-go/pkg/datasource/sql/tx_at.go:46.87,48.4 1 0
github.com/seata/seata-go/pkg/datasource/sql/tx_at.go:55.36,58.60 2 5
github.com/seata/seata-go/pkg/datasource/sql/tx_at.go:62.2,63.16 2 5
github.com/seata/seata-go/pkg/datasource/sql/tx_at.go:67.2,67.91 1 5
github.com/seata/seata-go/pkg/datasource/sql/tx_at.go:74.2,74.49 1 5
github.com/seata/seata-go/pkg/datasource/sql/tx_at.go:81.2,82.12 2 5
github.com/seata/seata-go/pkg/datasource/sql/tx_at.go:58.60,60.3 1 0
github.com/seata/seata-go/pkg/datasource/sql/tx_at.go:63.16,65.3 1 0
github.com/seata/seata-go/pkg/datasource/sql/tx_at.go:67.91,68.50 1 0
github.com/seata/seata-go/pkg/datasource/sql/tx_at.go:71.3,71.31 1 0
github.com/seata/seata-go/pkg/datasource/sql/tx_at.go:68.50,70.4 1 0
github.com/seata/seata-go/pkg/datasource/sql/tx_at.go:74.49,75.50 1 0
github.com/seata/seata-go/pkg/datasource/sql/tx_at.go:78.3,78.31 1 0
github.com/seata/seata-go/pkg/datasource/sql/tx_at.go:75.50,77.4 1 0
github.com/seata/seata-go/pkg/datasource/sql/tx_xa.go:29.32,32.2 2 3
github.com/seata/seata-go/pkg/datasource/sql/tx_xa.go:34.34,36.16 2 0
github.com/seata/seata-go/pkg/datasource/sql/tx_xa.go:45.2,45.12 1 0
github.com/seata/seata-go/pkg/datasource/sql/tx_xa.go:36.16,40.87 2 0
github.com/seata/seata-go/pkg/datasource/sql/tx_xa.go:40.87,42.4 1 0
github.com/seata/seata-go/pkg/datasource/sql/tx_xa.go:49.36,51.2 1 3
github.com/seata/seata-go/pkg/datasource/sql/at.go:41.13,55.2 7 1
github.com/seata/seata-go/pkg/datasource/sql/at.go:64.61,66.2 1 1
github.com/seata/seata-go/pkg/datasource/sql/at.go:69.58,71.2 1 0
github.com/seata/seata-go/pkg/datasource/sql/at.go:74.67,77.2 2 0
github.com/seata/seata-go/pkg/datasource/sql/at.go:80.69,82.2 1 0
github.com/seata/seata-go/pkg/datasource/sql/at.go:85.126,87.74 2 0
github.com/seata/seata-go/pkg/datasource/sql/at.go:94.2,95.16 2 0
github.com/seata/seata-go/pkg/datasource/sql/at.go:99.2,99.124 1 0
github.com/seata/seata-go/pkg/datasource/sql/at.go:112.2,112.51 1 0
github.com/seata/seata-go/pkg/datasource/sql/at.go:87.74,90.3 2 0
github.com/seata/seata-go/pkg/datasource/sql/at.go:90.8,92.3 1 0
github.com/seata/seata-go/pkg/datasource/sql/at.go:95.16,97.3 1 0
github.com/seata/seata-go/pkg/datasource/sql/at.go:99.124,101.10 2 0
github.com/seata/seata-go/pkg/datasource/sql/at.go:105.3,105.72 1 0
github.com/seata/seata-go/pkg/datasource/sql/at.go:109.3,109.65 1 0
github.com/seata/seata-go/pkg/datasource/sql/at.go:101.10,103.4 1 0
github.com/seata/seata-go/pkg/datasource/sql/at.go:105.72,107.4 1 0
github.com/seata/seata-go/pkg/datasource/sql/at.go:116.118,119.2 2 0
github.com/seata/seata-go/pkg/datasource/sql/at.go:122.97,124.2 1 0
github.com/seata/seata-go/pkg/datasource/sql/at.go:127.106,129.2 1 0
github.com/seata/seata-go/pkg/datasource/sql/at.go:132.95,134.2 1 0
github.com/seata/seata-go/pkg/datasource/sql/at.go:138.49,140.2 1 0
github.com/seata/seata-go/pkg/datasource/sql/db.go:31.38,32.30 1 9
github.com/seata/seata-go/pkg/datasource/sql/db.go:32.30,34.3 1 9
github.com/seata/seata-go/pkg/datasource/sql/db.go:37.41,38.30 1 9
github.com/seata/seata-go/pkg/datasource/sql/db.go:38.30,40.3 1 9
github.com/seata/seata-go/pkg/datasource/sql/db.go:43.63,44.30 1 0
github.com/seata/seata-go/pkg/datasource/sql/db.go:44.30,46.3 1 0
github.com/seata/seata-go/pkg/datasource/sql/db.go:49.43,50.30 1 9
github.com/seata/seata-go/pkg/datasource/sql/db.go:50.30,52.3 1 9
github.com/seata/seata-go/pkg/datasource/sql/db.go:55.42,56.30 1 9
github.com/seata/seata-go/pkg/datasource/sql/db.go:56.30,58.3 1 9
github.com/seata/seata-go/pkg/datasource/sql/db.go:61.41,62.30 1 9
github.com/seata/seata-go/pkg/datasource/sql/db.go:62.30,64.3 1 9
github.com/seata/seata-go/pkg/datasource/sql/db.go:67.49,68.30 1 9
github.com/seata/seata-go/pkg/datasource/sql/db.go:68.30,70.3 1 9
github.com/seata/seata-go/pkg/datasource/sql/db.go:73.57,76.22 2 9
github.com/seata/seata-go/pkg/datasource/sql/db.go:80.2,80.22 1 9
github.com/seata/seata-go/pkg/datasource/sql/db.go:76.22,78.3 1 54
github.com/seata/seata-go/pkg/datasource/sql/db.go:102.36,104.2 1 9
github.com/seata/seata-go/pkg/datasource/sql/db.go:119.51,121.2 1 0
github.com/seata/seata-go/pkg/datasource/sql/db.go:123.46,125.2 1 0
github.com/seata/seata-go/pkg/datasource/sql/db.go:127.57,129.2 1 0
github.com/seata/seata-go/pkg/datasource/sql/db.go:136.38,138.2 1 0
github.com/seata/seata-go/pkg/datasource/sql/db.go:140.41,142.2 1 0
github.com/seata/seata-go/pkg/datasource/sql/conn.go:45.56,47.9 2 8
github.com/seata/seata-go/pkg/datasource/sql/conn.go:51.2,53.31 3 8
github.com/seata/seata-go/pkg/datasource/sql/conn.go:47.9,49.3 1 0
github.com/seata/seata-go/pkg/datasource/sql/conn.go:57.59,59.16 2 0
github.com/seata/seata-go/pkg/datasource/sql/conn.go:63.2,69.8 1 0
github.com/seata/seata-go/pkg/datasource/sql/conn.go:59.16,61.3 1 0
github.com/seata/seata-go/pkg/datasource/sql/conn.go:73.87,75.9 2 0
github.com/seata/seata-go/pkg/datasource/sql/conn.go:84.2,85.16 2 0
github.com/seata/seata-go/pkg/datasource/sql/conn.go:89.2,95.8 1 0
github.com/seata/seata-go/pkg/datasource/sql/conn.go:75.9,77.17 2 0
github.com/seata/seata-go/pkg/datasource/sql/conn.go:81.3,81.74 1 0
github.com/seata/seata-go/pkg/datasource/sql/conn.go:77.17,79.4 1 0
github.com/seata/seata-go/pkg/datasource/sql/conn.go:85.16,87.3 1 0
github.com/seata/seata-go/pkg/datasource/sql/conn.go:99.79,101.9 2 0
github.com/seata/seata-go/pkg/datasource/sql/conn.go:105.2,106.16 2 0
github.com/seata/seata-go/pkg/datasource/sql/conn.go:110.2,110.64 1 0
github.com/seata/seata-go/pkg/datasource/sql/conn.go:101.9,103.3 1 0
github.com/seata/seata-go/pkg/datasource/sql/conn.go:106.16,108.3 1 0
github.com/seata/seata-go/pkg/datasource/sql/conn.go:114.112,116.9 2 22
github.com/seata/seata-go/pkg/datasource/sql/conn.go:124.2,125.16 2 22
github.com/seata/seata-go/pkg/datasource/sql/conn.go:128.2,128.64 1 22
[...]
github.com/seata/seata-go/pkg/rm/two_phase.go:301.42,308.37 2 8
github.com/seata/seata-go/pkg/rm/two_phase.go:311.2,312.32 2 8
github.com/seata/seata-go/pkg/rm/two_phase.go:318.2,318.19 1 8
github.com/seata/seata-go/pkg/rm/two_phase.go:308.37,310.3 1 0
github.com/seata/seata-go/pkg/rm/two_phase.go:312.32,314.70 2 13
github.com/seata/seata-go/pkg/rm/two_phase.go:314.70,315.9 1 7
github.com/seata/seata-go/pkg/rm/tcc/fence/store/db/dao/tcc_fence_db.go:40.68,41.40 1 7
github.com/seata/seata-go/pkg/rm/tcc/fence/store/db/dao/tcc_fence_db.go:47.2,47.36 1 7
github.com/seata/seata-go/pkg/rm/tcc/fence/store/db/dao/tcc_fence_db.go:41.40,42.18 1 1
github.com/seata/seata-go/pkg/rm/tcc/fence/store/db/dao/tcc_fence_db.go:42.18,45.4 2 1
github.com/seata/seata-go/pkg/rm/tcc/fence/store/db/dao/tcc_fence_db.go:50.58,55.2 1 1
github.com/seata/seata-go/pkg/rm/tcc/fence/store/db/dao/tcc_fence_db.go:61.122,63.16 2 1
github.com/seata/seata-go/pkg/rm/tcc/fence/store/db/dao/tcc_fence_db.go:66.2,76.98 4 1
github.com/seata/seata-go/pkg/rm/tcc/fence/store/db/dao/tcc_fence_db.go:85.2,93.24 2 1
github.com/seata/seata-go/pkg/rm/tcc/fence/store/db/dao/tcc_fence_db.go:63.16,65.3 1 0
github.com/seata/seata-go/pkg/rm/tcc/fence/store/db/dao/tcc_fence_db.go:76.98,78.50 1 0
github.com/seata/seata-go/pkg/rm/tcc/fence/store/db/dao/tcc_fence_db.go:78.50,80.4 1 0
github.com/seata/seata-go/pkg/rm/tcc/fence/store/db/dao/tcc_fence_db.go:80.9,82.4 1 0
github.com/seata/seata-go/pkg/rm/tcc/fence/store/db/dao/tcc_fence_db.go:96.104,98.16 2 1
github.com/seata/seata-go/pkg/rm/tcc/fence/store/db/dao/tcc_fence_db.go:101.2,105.16 4 1
github.com/seata/seata-go/pkg/rm/tcc/fence/store/db/dao/tcc_fence_db.go:115.2,116.33 2 1
github.com/seata/seata-go/pkg/rm/tcc/fence/store/db/dao/tcc_fence_db.go:120.2,120.12 1 1
github.com/seata/seata-go/pkg/rm/tcc/fence/store/db/dao/tcc_fence_db.go:98.16,100.3 1 0
github.com/seata/seata-go/pkg/rm/tcc/fence/store/db/dao/tcc_fence_db.go:105.16,106.81 1 0
github.com/seata/seata-go/pkg/rm/tcc/fence/store/db/dao/tcc_fence_db.go:106.81,110.4 1 0
github.com/seata/seata-go/pkg/rm/tcc/fence/store/db/dao/tcc_fence_db.go:110.9,112.4 1 0
github.com/seata/seata-go/pkg/rm/tcc/fence/store/db/dao/tcc_fence_db.go:116.33,118.3 1 0
github.com/seata/seata-go/pkg/rm/tcc/fence/store/db/dao/tcc_fence_db.go:123.158,125.16 2 1
github.com/seata/seata-go/pkg/rm/tcc/fence/store/db/dao/tcc_fence_db.go:128.2,131.16 3 1
github.com/seata/seata-go/pkg/rm/tcc/fence/store/db/dao/tcc_fence_db.go:135.2,136.33 2 1
github.com/seata/seata-go/pkg/rm/tcc/fence/store/db/dao/tcc_fence_db.go:140.2,140.12 1 1
github.com/seata/seata-go/pkg/rm/tcc/fence/store/db/dao/tcc_fence_db.go:125.16,127.3 1 0
github.com/seata/seata-go/pkg/rm/tcc/fence/store/db/dao/tcc_fence_db.go:131.16,133.3 1 0
github.com/seata/seata-go/pkg/rm/tcc/fence/store/db/dao/tcc_fence_db.go:136.33,138.3 1 0
github.com/seata/seata-go/pkg/rm/tcc/fence/store/db/dao/tcc_fence_db.go:143.102,145.16 2 1
github.com/seata/seata-go/pkg/rm/tcc/fence/store/db/dao/tcc_fence_db.go:148.2,151.16 3 1
github.com/seata/seata-go/pkg/rm/tcc/fence/store/db/dao/tcc_fence_db.go:155.2,156.33 2 1
github.com/seata/seata-go/pkg/rm/tcc/fence/store/db/dao/tcc_fence_db.go:160.2,160.12 1 1
github.com/seata/seata-go/pkg/rm/tcc/fence/store/db/dao/tcc_fence_db.go:145.16,147.3 1 0
github.com/seata/seata-go/pkg/rm/tcc/fence/store/db/dao/tcc_fence_db.go:151.16,153.3 1 0
github.com/seata/seata-go/pkg/rm/tcc/fence/store/db/dao/tcc_fence_db.go:156.33,158.3 1 0
github.com/seata/seata-go/pkg/rm/tcc/fence/store/db/dao/tcc_fence_db.go:163.103,165.16 2 1
github.com/seata/seata-go/pkg/rm/tcc/fence/store/db/dao/tcc_fence_db.go:168.2,171.16 3 1
github.com/seata/seata-go/pkg/rm/tcc/fence/store/db/dao/tcc_fence_db.go:175.2,176.33 2 1
github.com/seata/seata-go/pkg/rm/tcc/fence/store/db/dao/tcc_fence_db.go:180.2,180.12 1 1
github.com/seata/seata-go/pkg/rm/tcc/fence/store/db/dao/tcc_fence_db.go:165.16,167.3 1 0
github.com/seata/seata-go/pkg/rm/tcc/fence/store/db/dao/tcc_fence_db.go:171.16,173.3 1 0
github.com/seata/seata-go/pkg/rm/tcc/fence/store/db/dao/tcc_fence_db.go:176.33,178.3 1 0
github.com/seata/seata-go/pkg/rm/tcc/fence/store/db/dao/tcc_fence_db.go:183.72,185.2 1 1
github.com/seata/seata-go/pkg/util/backoff/backoff.go:36.76,40.2 3 0
github.com/seata/seata-go/pkg/util/backoff/backoff.go:52.52,59.2 1 6
github.com/seata/seata-go/pkg/util/backoff/backoff.go:62.27,66.2 3 0
github.com/seata/seata-go/pkg/util/backoff/backoff.go:69.34,72.2 1 0
github.com/seata/seata-go/pkg/util/backoff/backoff.go:75.31,76.24 1 0
github.com/seata/seata-go/pkg/util/backoff/backoff.go:79.2,79.63 1 0
github.com/seata/seata-go/pkg/util/backoff/backoff.go:82.2,82.12 1 0
github.com/seata/seata-go/pkg/util/backoff/backoff.go:76.24,78.3 1 0
github.com/seata/seata-go/pkg/util/backoff/backoff.go:79.63,81.3 1 0
github.com/seata/seata-go/pkg/util/backoff/backoff.go:86.36,88.2 1 0
github.com/seata/seata-go/pkg/util/backoff/backoff.go:92.26,96.17 2 0
github.com/seata/seata-go/pkg/util/backoff/backoff.go:96.17,97.10 1 0
github.com/seata/seata-go/pkg/util/backoff/backoff.go:98.23,98.23 0 0
github.com/seata/seata-go/pkg/util/backoff/backoff.go:99.32,99.32 0 0
github.com/seata/seata-go/pkg/util/backoff/backoff.go:104.45,109.38 2 27
github.com/seata/seata-go/pkg/util/backoff/backoff.go:114.2,118.39 2 21
github.com/seata/seata-go/pkg/util/backoff/backoff.go:123.2,123.18 1 21
github.com/seata/seata-go/pkg/util/backoff/backoff.go:109.38,111.3 1 6
github.com/seata/seata-go/pkg/util/backoff/backoff.go:118.39,121.3 2 13
github.com/seata/seata-go/pkg/util/backoff/backoff.go:126.75,129.18 2 32
github.com/seata/seata-go/pkg/util/backoff/backoff.go:133.2,133.12 1 5
github.com/seata/seata-go/pkg/util/backoff/backoff.go:129.18,131.3 1 27
github.com/seata/seata-go/pkg/util/bytes/buf.go:31.44,35.2 1 39
github.com/seata/seata-go/pkg/util/bytes/buf.go:37.37,39.2 1 1
github.com/seata/seata-go/pkg/util/bytes/buf.go:41.56,43.2 1 54
github.com/seata/seata-go/pkg/util/bytes/buf.go:45.47,48.16 3 16
github.com/seata/seata-go/pkg/util/bytes/buf.go:51.2,51.11 1 16
github.com/seata/seata-go/pkg/util/bytes/buf.go:54.2,54.21 1 16
github.com/seata/seata-go/pkg/util/bytes/buf.go:48.16,50.3 1 0
github.com/seata/seata-go/pkg/util/bytes/buf.go:51.11,53.3 1 0
github.com/seata/seata-go/pkg/util/bytes/buf.go:57.49,60.16 3 2
github.com/seata/seata-go/pkg/util/bytes/buf.go:63.2,63.11 1 2
github.com/seata/seata-go/pkg/util/bytes/buf.go:66.2,66.30 1 2
github.com/seata/seata-go/pkg/util/bytes/buf.go:60.16,62.3 1 0
github.com/seata/seata-go/pkg/util/bytes/buf.go:63.11,65.3 1 0
github.com/seata/seata-go/pkg/util/bytes/buf.go:69.51,72.16 3 8
github.com/seata/seata-go/pkg/util/bytes/buf.go:75.2,75.11 1 8
github.com/seata/seata-go/pkg/util/bytes/buf.go:78.2,78.31 1 8
github.com/seata/seata-go/pkg/util/bytes/buf.go:72.16,74.3 1 0
github.com/seata/seata-go/pkg/util/bytes/buf.go:75.11,77.3 1 0
github.com/seata/seata-go/pkg/util/bytes/buf.go:81.51,84.16 3 7
github.com/seata/seata-go/pkg/util/bytes/buf.go:87.2,87.11 1 7
github.com/seata/seata-go/pkg/util/bytes/buf.go:90.2,90.31 1 7
github.com/seata/seata-go/pkg/util/bytes/buf.go:84.16,86.3 1 0
github.com/seata/seata-go/pkg/util/bytes/buf.go:87.11,89.3 1 0
github.com/seata/seata-go/pkg/util/bytes/buf.go:93.51,96.16 3 7
github.com/seata/seata-go/pkg/util/bytes/buf.go:99.2,99.11 1 7
github.com/seata/seata-go/pkg/util/bytes/buf.go:102.2,102.31 1 7
github.com/seata/seata-go/pkg/util/bytes/buf.go:96.16,98.3 1 0
github.com/seata/seata-go/pkg/util/bytes/buf.go:99.11,101.3 1 0
github.com/seata/seata-go/pkg/util/bytes/buf.go:105.57,107.2 1 1
github.com/seata/seata-go/pkg/util/bytes/buf.go:109.65,111.2 1 13
github.com/seata/seata-go/pkg/util/bytes/buf.go:113.46,115.2 1 5
github.com/seata/seata-go/pkg/util/bytes/buf.go:117.63,119.2 1 5
github.com/seata/seata-go/pkg/util/bytes/buf.go:121.63,123.2 1 5
github.com/seata/seata-go/pkg/util/bytes/buf.go:125.63,127.2 1 5
github.com/seata/seata-go/pkg/util/bytes/buf.go:129.61,131.2 1 1
github.com/seata/seata-go/pkg/util/bytes/buf.go:134.36,143.2 1 3
github.com/seata/seata-go/pkg/util/bytes/buf.go:146.38,148.2 1 7
github.com/seata/seata-go/pkg/util/bytes/buf.go:151.38,153.2 1 9
github.com/seata/seata-go/pkg/util/bytes/buf.go:156.38,158.2 1 8
github.com/seata/seata-go/pkg/util/bytes/buf.go:161.37,166.2 4 2
github.com/seata/seata-go/pkg/util/bytes/buf.go:169.30,173.2 3 1
github.com/seata/seata-go/pkg/util/bytes/buf.go:176.42,185.2 8 3
github.com/seata/seata-go/pkg/util/bytes/buf.go:188.44,190.2 1 7
github.com/seata/seata-go/pkg/util/bytes/buf.go:193.35,197.2 3 2
github.com/seata/seata-go/pkg/util/bytes/buf.go:200.44,202.2 1 7
github.com/seata/seata-go/pkg/util/bytes/buf.go:205.37,209.2 3 6
github.com/seata/seata-go/pkg/util/bytes/buf.go:212.44,214.2 1 7
github.com/seata/seata-go/pkg/util/bytes/buf.go:217.37,221.2 3 6
github.com/seata/seata-go/pkg/util/bytes/buf.go:224.37,228.2 3 6
github.com/seata/seata-go/pkg/util/bytes/buf_helper.go:20.47,24.2 3 1
github.com/seata/seata-go/pkg/util/bytes/buf_helper.go:26.37,29.2 2 0
github.com/seata/seata-go/pkg/util/bytes/buf_helper.go:31.39,34.2 2 1
github.com/seata/seata-go/pkg/util/bytes/buf_helper.go:36.41,39.2 2 1
github.com/seata/seata-go/pkg/util/bytes/buf_helper.go:41.41,44.2 2 1
github.com/seata/seata-go/pkg/util/bytes/buf_helper.go:46.41,49.2 2 1
github.com/seata/seata-go/pkg/util/bytes/buf_helper.go:51.42,55.2 3 1
github.com/seata/seata-go/pkg/util/bytes/buf_helper.go:57.44,61.2 3 1
github.com/seata/seata-go/pkg/util/bytes/buf_helper.go:63.43,67.2 3 1
github.com/seata/seata-go/pkg/util/bytes/buf_helper.go:69.43,73.2 3 1
github.com/seata/seata-go/pkg/util/bytes/buf_helper.go:75.48,77.16 2 4
github.com/seata/seata-go/pkg/util/bytes/buf_helper.go:82.2,82.11 1 2
github.com/seata/seata-go/pkg/util/bytes/buf_helper.go:77.16,81.3 3 2
github.com/seata/seata-go/pkg/util/bytes/buf_helper.go:85.49,87.16 2 4
github.com/seata/seata-go/pkg/util/bytes/buf_helper.go:92.2,92.11 1 2
github.com/seata/seata-go/pkg/util/bytes/buf_helper.go:87.16,91.3 3 2
github.com/seata/seata-go/pkg/util/bytes/buf_helper.go:95.49,97.16 2 4
github.com/seata/seata-go/pkg/util/bytes/buf_helper.go:102.2,102.11 1 2
github.com/seata/seata-go/pkg/util/bytes/buf_helper.go:97.16,101.3 3 2
github.com/seata/seata-go/pkg/util/bytes/buf_helper.go:105.49,107.16 2 4
github.com/seata/seata-go/pkg/util/bytes/buf_helper.go:112.2,112.11 1 2
github.com/seata/seata-go/pkg/util/bytes/buf_helper.go:107.16,111.3 3 2
github.com/seata/seata-go/pkg/util/bytes/buf_helper.go:115.56,116.17 1 2
github.com/seata/seata-go/pkg/util/bytes/buf_helper.go:116.17,119.3 2 1
github.com/seata/seata-go/pkg/util/bytes/buf_helper.go:119.8,121.3 1 1
github.com/seata/seata-go/pkg/util/bytes/buf_helper.go:124.57,125.17 1 2
github.com/seata/seata-go/pkg/util/bytes/buf_helper.go:125.17,128.3 2 1
github.com/seata/seata-go/pkg/util/bytes/buf_helper.go:128.8,130.3 1 1
github.com/seata/seata-go/pkg/util/bytes/buf_helper.go:133.57,134.17 1 2
github.com/seata/seata-go/pkg/util/bytes/buf_helper.go:134.17,137.3 2 1
github.com/seata/seata-go/pkg/util/bytes/buf_helper.go:137.8,139.3 1 1
github.com/seata/seata-go/pkg/util/bytes/buf_helper.go:142.57,143.17 1 2
github.com/seata/seata-go/pkg/util/bytes/buf_helper.go:143.17,146.3 2 1
github.com/seata/seata-go/pkg/util/bytes/buf_helper.go:146.8,148.3 1 1
github.com/seata/seata-go/pkg/util/fanout/fanout.go:36.31,37.26 1 2
github.com/seata/seata-go/pkg/util/fanout/fanout.go:37.26,39.3 1 2
github.com/seata/seata-go/pkg/util/fanout/fanout.go:43.31,44.26 1 2
github.com/seata/seata-go/pkg/util/fanout/fanout.go:44.26,46.3 1 2
github.com/seata/seata-go/pkg/util/fanout/fanout.go:66.47,67.16 1 2
github.com/seata/seata-go/pkg/util/fanout/fanout.go:70.2,74.26 2 2
github.com/seata/seata-go/pkg/util/fanout/fanout.go:77.2,84.32 4 2
github.com/seata/seata-go/pkg/util/fanout/fanout.go:87.2,87.10 1 2
github.com/seata/seata-go/pkg/util/fanout/fanout.go:67.16,69.3 1 0
github.com/seata/seata-go/pkg/util/fanout/fanout.go:74.26,76.3 1 4
github.com/seata/seata-go/pkg/util/fanout/fanout.go:84.32,86.3 1 2
github.com/seata/seata-go/pkg/util/fanout/fanout.go:90.25,92.6 2 2
github.com/seata/seata-go/pkg/util/fanout/fanout.go:92.6,93.10 1 3
github.com/seata/seata-go/pkg/util/fanout/fanout.go:94.20,95.24 1 1
github.com/seata/seata-go/pkg/util/fanout/fanout.go:96.23,97.10 1 1
github.com/seata/seata-go/pkg/util/fanout/fanout.go:102.70,103.35 1 1
github.com/seata/seata-go/pkg/util/fanout/fanout.go:103.35,104.16 1 1
github.com/seata/seata-go/pkg/util/fanout/fanout.go:111.3,111.9 1 1
github.com/seata/seata-go/pkg/util/fanout/fanout.go:104.16,105.32 1 1
github.com/seata/seata-go/pkg/util/fanout/fanout.go:105.32,109.5 3 0
github.com/seata/seata-go/pkg/util/fanout/fanout.go:116.77,117.36 1 2
github.com/seata/seata-go/pkg/util/fanout/fanout.go:120.2,120.9 1 1
github.com/seata/seata-go/pkg/util/fanout/fanout.go:125.2,125.12 1 1
github.com/seata/seata-go/pkg/util/fanout/fanout.go:117.36,119.3 1 1
github.com/seata/seata-go/pkg/util/fanout/fanout.go:121.36,121.36 0 1
github.com/seata/seata-go/pkg/util/fanout/fanout.go:122.20,123.19 1 0
github.com/seata/seata-go/pkg/util/fanout/fanout.go:129.32,130.36 1 1
github.com/seata/seata-go/pkg/util/fanout/fanout.go:133.2,135.12 3 1
github.com/seata/seata-go/pkg/util/fanout/fanout.go:130.36,132.3 1 0
github.com/seata/seata-go/pkg/rm/tcc/fence/fence_api.go:39.84,43.9 3 1
github.com/seata/seata-go/pkg/rm/tcc/fence/fence_api.go:64.2,64.16 1 1
github.com/seata/seata-go/pkg/rm/tcc/fence/fence_api.go:68.2,68.8 1 1
github.com/seata/seata-go/pkg/rm/tcc/fence/fence_api.go:44.37,49.4 1 1
github.com/seata/seata-go/pkg/rm/tcc/fence/fence_api.go:50.36,51.42 1 0
github.com/seata/seata-go/pkg/rm/tcc/fence/fence_api.go:52.35,53.41 1 0
github.com/seata/seata-go/pkg/rm/tcc/fence/fence_api.go:54.37,55.43 1 0
github.com/seata/seata-go/pkg/rm/tcc/fence/fence_api.go:56.10,61.4 1 0
github.com/seata/seata-go/pkg/rm/tcc/fence/fence_api.go:64.16,66.3 1 1
github.com/seata/seata-go/pkg/util/flagext/cidr.go:33.31,34.20 1 10
github.com/seata/seata-go/pkg/util/flagext/cidr.go:37.2,37.25 1 10
github.com/seata/seata-go/pkg/util/flagext/cidr.go:34.20,36.3 1 0
github.com/seata/seata-go/pkg/util/flagext/cidr.go:41.36,43.16 2 5
github.com/seata/seata-go/pkg/util/flagext/cidr.go:46.2,47.12 2 5
github.com/seata/seata-go/pkg/util/flagext/cidr.go:43.16,45.3 1 0
github.com/seata/seata-go/pkg/util/flagext/cidr.go:55.39,57.25 2 3
github.com/seata/seata-go/pkg/util/flagext/cidr.go:61.2,61.34 1 3
github.com/seata/seata-go/pkg/util/flagext/cidr.go:57.25,59.3 1 5
github.com/seata/seata-go/pkg/util/flagext/cidr.go:65.44,68.29 2 2
github.com/seata/seata-go/pkg/util/flagext/cidr.go:77.2,77.12 1 2
github.com/seata/seata-go/pkg/util/flagext/cidr.go:68.29,70.40 2 5
github.com/seata/seata-go/pkg/util/flagext/cidr.go:74.3,74.25 1 5
github.com/seata/seata-go/pkg/util/flagext/cidr.go:70.40,72.4 1 0
github.com/seata/seata-go/pkg/util/flagext/cidr.go:81.79,83.38 2 3
github.com/seata/seata-go/pkg/util/flagext/cidr.go:88.2,88.13 1 3
github.com/seata/seata-go/pkg/util/flagext/cidr.go:93.2,93.17 1 2
github.com/seata/seata-go/pkg/util/flagext/cidr.go:83.38,85.3 1 0
github.com/seata/seata-go/pkg/util/flagext/cidr.go:88.13,91.3 2 1
github.com/seata/seata-go/pkg/util/flagext/cidr.go:97.58,99.2 1 3
github.com/seata/seata-go/pkg/util/flagext/ignored.go:28.36,30.2 1 0
github.com/seata/seata-go/pkg/util/flagext/ignored.go:32.40,34.2 1 0
github.com/seata/seata-go/pkg/util/flagext/ignored.go:37.57,39.2 1 0
github.com/seata/seata-go/pkg/util/flagext/stringslice.go:26.38,28.2 1 0
github.com/seata/seata-go/pkg/util/flagext/stringslice.go:31.43,34.2 2 0
github.com/seata/seata-go/pkg/util/flagext/url.go:28.35,29.18 1 0
github.com/seata/seata-go/pkg/util/flagext/url.go:32.2,32.23 1 0
github.com/seata/seata-go/pkg/util/flagext/url.go:29.18,31.3 1 0
github.com/seata/seata-go/pkg/util/flagext/url.go:36.40,38.16 2 5
github.com/seata/seata-go/pkg/util/flagext/url.go:41.2,42.12 2 5
github.com/seata/seata-go/pkg/util/flagext/url.go:38.16,40.3 1 0
github.com/seata/seata-go/pkg/util/flagext/url.go:46.75,48.38 2 3
github.com/seata/seata-go/pkg/util/flagext/url.go:53.2,53.13 1 3
github.com/seata/seata-go/pkg/util/flagext/url.go:58.2,58.17 1 2
github.com/seata/seata-go/pkg/util/flagext/url.go:48.38,50.3 1 0
github.com/seata/seata-go/pkg/util/flagext/url.go:53.13,56.3 2 1
github.com/seata/seata-go/pkg/util/flagext/url.go:62.54,63.18 1 4
github.com/seata/seata-go/pkg/util/flagext/url.go:68.2,69.19 2 3
github.com/seata/seata-go/pkg/util/flagext/url.go:75.2,75.24 1 3
github.com/seata/seata-go/pkg/util/flagext/url.go:63.18,65.3 1 1
github.com/seata/seata-go/pkg/util/flagext/url.go:69.19,70.39 1 1
github.com/seata/seata-go/pkg/util/flagext/url.go:70.39,72.4 1 1
github.com/seata/seata-go/pkg/util/flagext/time.go:29.31,30.27 1 7
github.com/seata/seata-go/pkg/util/flagext/time.go:34.2,34.42 1 6
github.com/seata/seata-go/pkg/util/flagext/time.go:30.27,32.3 1 1
github.com/seata/seata-go/pkg/util/flagext/time.go:38.36,39.14 1 9
github.com/seata/seata-go/pkg/util/flagext/time.go:44.2,45.16 2 8
github.com/seata/seata-go/pkg/util/flagext/time.go:50.2,51.16 2 5
github.com/seata/seata-go/pkg/util/flagext/time.go:56.2,57.16 2 4
github.com/seata/seata-go/pkg/util/flagext/time.go:62.2,62.50 1 0
github.com/seata/seata-go/pkg/util/flagext/time.go:39.14,42.3 2 1
github.com/seata/seata-go/pkg/util/flagext/time.go:45.16,48.3 2 3
github.com/seata/seata-go/pkg/util/flagext/time.go:51.16,54.3 2 1
github.com/seata/seata-go/pkg/util/flagext/time.go:57.16,60.3 2 4
github.com/seata/seata-go/pkg/util/flagext/time.go:66.71,68.38 2 2
github.com/seata/seata-go/pkg/util/flagext/time.go:71.2,71.17 1 2
github.com/seata/seata-go/pkg/util/flagext/time.go:68.38,70.3 1 0
github.com/seata/seata-go/pkg/util/flagext/time.go:75.50,77.2 1 2
github.com/seata/seata-go/pkg/util/flagext/day.go:36.41,41.2 1 0
github.com/seata/seata-go/pkg/util/flagext/day.go:44.35,46.2 1 0
github.com/seata/seata-go/pkg/util/flagext/day.go:49.40,51.16 2 4
github.com/seata/seata-go/pkg/util/flagext/day.go:54.2,56.12 3 4
github.com/seata/seata-go/pkg/util/flagext/day.go:51.16,53.3 1 0
github.com/seata/seata-go/pkg/util/flagext/day.go:60.33,62.2 1 0
github.com/seata/seata-go/pkg/util/flagext/day.go:65.75,67.38 2 2
github.com/seata/seata-go/pkg/util/flagext/day.go:70.2,70.17 1 2
github.com/seata/seata-go/pkg/util/flagext/day.go:67.38,69.3 1 0
github.com/seata/seata-go/pkg/util/flagext/day.go:74.54,76.2 1 2
github.com/seata/seata-go/pkg/util/flagext/deprecated.go:41.39,43.2 1 0
github.com/seata/seata-go/pkg/util/flagext/deprecated.go:45.43,49.2 3 0
github.com/seata/seata-go/pkg/util/flagext/deprecated.go:52.60,54.2 1 0
github.com/seata/seata-go/pkg/util/flagext/register.go:28.38,29.23 1 0
github.com/seata/seata-go/pkg/util/flagext/register.go:29.23,31.3 1 0
github.com/seata/seata-go/pkg/util/flagext/register.go:35.38,37.23 2 0
github.com/seata/seata-go/pkg/util/flagext/register.go:40.2,40.26 1 0
github.com/seata/seata-go/pkg/util/flagext/register.go:37.23,39.3 1 0
github.com/seata/seata-go/pkg/util/flagext/secret.go:25.33,27.2 1 0
github.com/seata/seata-go/pkg/util/flagext/secret.go:30.38,33.2 2 5
github.com/seata/seata-go/pkg/util/flagext/secret.go:36.73,38.38 2 3
github.com/seata/seata-go/pkg/util/flagext/secret.go:42.2,42.17 1 3
github.com/seata/seata-go/pkg/util/flagext/secret.go:38.38,40.3 1 0
github.com/seata/seata-go/pkg/util/flagext/secret.go:46.52,47.23 1 3
github.com/seata/seata-go/pkg/util/flagext/secret.go:50.2,50.24 1 2
github.com/seata/seata-go/pkg/util/flagext/secret.go:47.23,49.3 1 1
github.com/seata/seata-go/pkg/util/flagext/stringslicecsv.go:27.41,29.2 1 2
github.com/seata/seata-go/pkg/util/flagext/stringslicecsv.go:32.46,35.2 2 2
github.com/seata/seata-go/pkg/util/flagext/stringslicecsv.go:38.81,40.38 2 1
github.com/seata/seata-go/pkg/util/flagext/stringslicecsv.go:44.2,44.17 1 1
github.com/seata/seata-go/pkg/util/flagext/stringslicecsv.go:40.38,42.3 1 0
github.com/seata/seata-go/pkg/util/flagext/stringslicecsv.go:48.60,50.2 1 1
